Welcome to the profile statistics browser.
profiling.data% profiling.data% profiling.data% Thu Sep 15 15:37:01 2016    profiling.data

         16958841 function calls (16955127 primitive calls) in 29.129 seconds

   Ordered by: internal time

   ncalls  tottime  percall  cumtime  percall filename:lineno(function)
    72704   15.094    0.000   23.519    0.000 graph.py:52(path_cost)
 14540800    8.425    0.000    8.425    0.000 graph.py:291(__getitem__)
    68880    1.116    0.000    1.165    0.000 ga.py:45(weighted_choice)
    68880    0.897    0.000    0.897    0.000 {method 'argsort' of 'numpy.ndarray' objects}
    34440    0.561    0.000    3.044    0.000 chromosome.py:69(__ordered_crossover_single)
    34440    0.512    0.000    1.702    0.000 arraysetops.py:283(in1d)
     6854    0.273    0.000    0.366    0.000 {method 'choice' of 'mtrand.RandomState' objects}
   103320    0.210    0.000    0.210    0.000 {built-in method where}
   179832    0.208    0.000    0.208    0.000 {built-in method array}
    68880    0.180    0.000    0.180    0.000 {built-in method concatenate}
    34440    0.135    0.000    0.135    0.000 {method 'rand' of 'mtrand.RandomState' objects}
      280    0.130    0.000   28.448    0.102 ga.py:56(evolve)
    68880    0.122    0.000    0.122    0.000 chromosome.py:29(__getitem__)
     6854    0.095    0.000    0.133    0.000 function_base.py:3112(delete)
     6854    0.085    0.000    0.121    0.000 function_base.py:3305(insert)
    69904    0.076    0.000    0.299    0.000 chromosome.py:9(__init__)
     9442    0.073    0.000    0.073    0.000 {method 'reduce' of 'numpy.ufunc' objects}
      284    0.066    0.000   23.628    0.083 ga.py:36(calculate_fitness)
    97206    0.047    0.000    0.114    0.000 numeric.py:392(asarray)
    68880    0.044    0.000    0.050    0.000 random.py:342(uniform)
    72704    0.043    0.000   23.562    0.000 ga.py:33(fitness)
    34440    0.042    0.000    3.086    0.000 chromosome.py:36(crossover)
    68880    0.041    0.000    0.311    0.000 chromosome.py:124(copy)
      304    0.041    0.000    0.056    0.000 {method 'sort' of 'list' objects}
    68880    0.040    0.000    0.168    0.000 function_base.py:786(copy)
    39800    0.038    0.000    0.049    0.000 graph.py:648(add_edge)
   162897    0.037    0.000    0.037    0.000 {built-in method isinstance}
     6854    0.034    0.000    0.672    0.000 chromosome.py:100(order_mutation)
    68880    0.029    0.000    0.029    0.000 {method 'ravel' of 'numpy.ndarray' objects}
        1    0.028    0.028    0.140    0.140 graph.py:12(__generate)
     1024    0.028    0.000    0.028    0.000 {method 'shuffle' of 'mtrand.RandomState' objects}
    677/1    0.024    0.000   29.130   29.130 {built-in method exec}
    39800    0.024    0.000    0.052    0.000 random.py:170(randrange)
    39800    0.021    0.000    0.028    0.000 random.py:220(_randbelow)
     6854    0.021    0.000    0.093    0.000 fromnumeric.py:2249(prod)
     7878    0.018    0.000    0.018    0.000 {built-in method arange}
      277    0.017    0.000    0.017    0.000 {built-in method loads}
    71680    0.014    0.000    0.014    0.000 ga.py:91(<lambda>)
    13729    0.013    0.000    0.013    0.000 {built-in method empty}
145260/145172    0.012    0.000    0.012    0.000 {built-in method len}
   137760    0.012    0.000    0.012    0.000 {method 'random' of '_random.Random' objects}
     2588    0.011    0.000    0.033    0.000 numeric.py:2222(array_equal)
    39800    0.011    0.000    0.063    0.000 random.py:214(randint)
     6854    0.010    0.000    0.072    0.000 _methods.py:27(_prod)
    75102    0.009    0.000    0.009    0.000 {method 'append' of 'list' objects}
    39919    0.007    0.000    0.007    0.000 {method 'update' of 'dict' objects}
     6854    0.006    0.000    0.006    0.000 numeric.py:1299(rollaxis)
        1    0.006    0.006    0.006    0.006 {built-in method dump}
       13    0.006    0.000    0.006    0.000 {built-in method load_dynamic}
  389/387    0.005    0.000    0.009    0.000 {built-in method __build_class__}
     6854    0.005    0.000    0.677    0.000 chromosome.py:119(mutate)
    40513    0.005    0.000    0.005    0.000 {method 'get' of 'dict' objects}
    50661    0.005    0.000    0.005    0.000 {method 'getrandbits' of '_random.Random' objects}
      104    0.004    0.000    0.004    0.000 {built-in method compile}
      432    0.004    0.000    0.016    0.000 <frozen importlib._bootstrap>:2016(find_spec)
     1210    0.003    0.000    0.003    0.000 {built-in method stat}
        6    0.003    0.001    0.004    0.001 {method 'sub' of '_sre.SRE_Pattern' objects}
      277    0.003    0.000    0.004    0.000 <frozen importlib._bootstrap>:1621(get_data)
    13708    0.003    0.000    0.003    0.000 {method 'item' of 'numpy.ndarray' objects}
     2588    0.003    0.000    0.013    0.000 _methods.py:35(_all)
    39800    0.002    0.000    0.002    0.000 {method 'bit_length' of 'int' objects}
     2846    0.002    0.000    0.005    0.000 <frozen importlib._bootstrap>:50(_path_join)
     2588    0.002    0.000    0.036    0.000 chromosome.py:22(__eq__)
     2846    0.002    0.000    0.003    0.000 <frozen importlib._bootstrap>:52(<listcomp>)
      277    0.002    0.000    0.002    0.000 <frozen importlib._bootstrap>:599(_validate_bytecode_header)
      309    0.002    0.000    0.021    0.000 <frozen importlib._bootstrap>:2147(_find_spec)
      680    0.002    0.000    0.002    0.000 <frozen importlib._bootstrap>:274(_get_module_lock)
      277    0.002    0.000    0.002    0.000 {method 'read' of '_io.FileIO' objects}
        1    0.002    0.002   28.973   28.973 main.py:10(run)
     2275    0.002    0.000    0.002    0.000 sre_parse.py:195(__next)
    93/25    0.002    0.000    0.005    0.000 sre_parse.py:441(_parse)
      277    0.002    0.000    0.029    0.000 <frozen importlib._bootstrap>:1534(get_code)
      277    0.001    0.000    0.005    0.000 <frozen importlib._bootstrap>:1019(init_module_attrs)
     3332    0.001    0.000    0.001    0.000 {built-in method hasattr}
    312/3    0.001    0.000    0.156    0.052 <frozen importlib._bootstrap>:2207(_find_and_load_unlocked)
       23    0.001    0.000    0.124    0.005 __init__.py:1(<module>)
    304/3    0.001    0.000    0.156    0.052 <frozen importlib._bootstrap>:1186(_load_unlocked)
        1    0.001    0.001    0.001    0.001 {method 'read' of '_io.BufferedReader' objects}
      277    0.001    0.000    0.002    0.000 <frozen importlib._bootstrap>:739(__exit__)
    312/3    0.001    0.000    0.156    0.052 <frozen importlib._bootstrap>:2234(_find_and_load)
      554    0.001    0.000    0.004    0.000 <frozen importlib._bootstrap>:437(cache_from_source)
      680    0.001    0.000    0.001    0.000 <frozen importlib._bootstrap>:192(acquire)
       62    0.001    0.000    0.002    0.000 sre_compile.py:255(_optimize_charset)
     6216    0.001    0.000    0.001    0.000 ga.py:100(<lambda>)
     2248    0.001    0.000    0.001    0.000 {method 'format' of 'str' objects}
     2588    0.001    0.000    0.037    0.000 chromosome.py:26(__ne__)
     2588    0.001    0.000    0.014    0.000 {method 'all' of 'numpy.ndarray' objects}
      104    0.001    0.000    0.004    0.000 inspect.py:2379(from_function)
     3284    0.001    0.000    0.001    0.000 {built-in method getattr}
      680    0.001    0.000    0.001    0.000 <frozen importlib._bootstrap>:217(release)
      295    0.001    0.000    0.018    0.000 <frozen importlib._bootstrap>:1902(_get_spec)
        1    0.001    0.001    0.002    0.002 core.py:21(<module>)
      104    0.001    0.000    0.006    0.000 _decorator3.py:136(make)
      104    0.001    0.000    0.007    0.000 inspect.py:943(getfullargspec)
     2884    0.001    0.000    0.001    0.000 <frozen importlib._bootstrap>:518(_verbose_message)
     3788    0.001    0.000    0.001    0.000 {method 'join' of 'str' objects}
     6266    0.001    0.000    0.001    0.000 {method 'rstrip' of 'str' objects}
      104    0.001    0.000    0.004    0.000 _decorator3.py:78(__init__)
   179/23    0.001    0.000    0.003    0.000 sre_compile.py:70(_compile)
        4    0.001    0.000    0.030    0.008 ga.py:30(<listcomp>)
      368    0.001    0.000    0.002    0.000 <frozen importlib._bootstrap>:293(_lock_unlock_module)
 1011/373    0.001    0.000    0.074    0.000 <frozen importlib._bootstrap>:2264(_handle_fromlist)
      290    0.001    0.000    0.001    0.000 <frozen importlib._bootstrap>:884(spec_from_file_location)
    277/3    0.001    0.000    0.156    0.052 <frozen importlib._bootstrap>:1465(exec_module)
    14/13    0.001    0.000    0.001    0.000 {built-in method init_builtin}
      554    0.001    0.000    0.003    0.000 <frozen importlib._bootstrap>:824(cached)
       41    0.001    0.000    0.001    0.000 {built-in method listdir}
      277    0.001    0.000    0.018    0.000 <frozen importlib._bootstrap>:654(_compile_bytecode)
      277    0.001    0.000    0.001    0.000 <frozen importlib._bootstrap>:129(_new_module)
     2357    0.001    0.000    0.001    0.000 {method 'rpartition' of 'str' objects}
     1208    0.001    0.000    0.004    0.000 <frozen importlib._bootstrap>:68(_path_stat)
     2049    0.001    0.000    0.002    0.000 sre_parse.py:220(get)
      312    0.001    0.000    0.003    0.000 <frozen importlib._bootstrap>:261(__enter__)
      104    0.001    0.000    0.002    0.000 __init__.py:41(__init__)
      104    0.001    0.000    0.005    0.000 inspect.py:1895(_signature_internal)
      104    0.000    0.000    0.002    0.000 _collections_abc.py:575(update)
      104    0.000    0.000    0.012    0.000 _decorator3.py:165(create)
      104    0.000    0.000    0.016    0.000 _decorator3.py:187(decorator)
      567    0.000    0.000    0.001    0.000 <frozen importlib._bootstrap>:56(_path_split)
      290    0.000    0.000    0.002    0.000 <frozen importlib._bootstrap>:2011(_get_spec)
      499    0.000    0.000    0.002    0.000 <frozen importlib._bootstrap>:78(_path_is_mode_type)
      273    0.000    0.000    0.004    0.000 function_base.py:2945(add_newdoc)
      313    0.000    0.000    0.001    0.000 <frozen importlib._bootstrap>:172(__init__)
  248/100    0.000    0.000    0.001    0.000 sre_parse.py:152(getwidth)
      104    0.000    0.000    0.001    0.000 _decorator3.py:125(update)
      277    0.000    0.000    0.006    0.000 <frozen importlib._bootstrap>:1099(create)
       16    0.000    0.000    0.007    0.000 __init__.py:301(namedtuple)
      300    0.000    0.000    0.000    0.000 __init__.py:62(__setitem__)
        1    0.000    0.000    0.000    0.000 {method 'search' of '_sre.SRE_Pattern' objects}
        1    0.000    0.000   29.130   29.130 main.py:2(<module>)
      300    0.000    0.000    0.000    0.000 inspect.py:2118(__init__)
      309    0.000    0.000    0.000    0.000 <frozen importlib._bootstrap>:790(__init__)
      666    0.000    0.000    0.000    0.000 string.py:107(convert)
      788    0.000    0.000    0.000    0.000 {built-in method setattr}
      432    0.000    0.000    0.001    0.000 <frozen importlib._bootstrap>:1870(_path_importer_cache)
      899    0.000    0.000    0.000    0.000 <frozen importlib._bootstrap>:2124(__exit__)
      694    0.000    0.000    0.000    0.000 sre_parse.py:142(__getitem__)
      295    0.000    0.000    0.018    0.000 <frozen importlib._bootstrap>:1934(find_spec)
      554    0.000    0.000    0.000    0.000 <frozen importlib._bootstrap>:45(_r_long)
    349/3    0.000    0.000    0.155    0.052 <frozen importlib._bootstrap>:313(_call_with_frames_removed)
      200    0.000    0.000    0.000    0.000 {built-in method __new__ of type object at 0x97bda0}
      104    0.000    0.000    0.003    0.000 inspect.py:2328(__init__)
      899    0.000    0.000    0.000    0.000 <frozen importlib._bootstrap>:2120(__enter__)
      290    0.000    0.000    0.007    0.000 <frozen importlib._bootstrap>:534(_check_name_wrapper)
      317    0.000    0.000    0.001    0.000 {built-in method any}
      125    0.000    0.000    0.010    0.000 re.py:277(_compile)
      643    0.000    0.000    0.000    0.000 ga.py:53(fittest)
      208    0.000    0.000    0.000    0.000 {method 'match' of '_sre.SRE_Pattern' objects}
      458    0.000    0.000    0.002    0.000 <frozen importlib._bootstrap>:87(_path_isfile)
      277    0.000    0.000    0.001    0.000 <frozen importlib._bootstrap>:1631(path_stats)
      312    0.000    0.000    0.001    0.000 <frozen importlib._bootstrap>:268(__exit__)
      104    0.000    0.000    0.001    0.000 abc.py:178(__instancecheck__)
      523    0.000    0.000    0.000    0.000 {method 'strip' of 'str' objects}
       41    0.000    0.000    0.001    0.000 <frozen importlib._bootstrap>:1853(_path_hooks)
        2    0.000    0.000    0.000    0.000 {built-in method urandom}
        1    0.000    0.000    0.000    0.000 {built-in method read}
       52    0.000    0.000    0.000    0.000 inspect.py:1056(formatargspec)
     1108    0.000    0.000    0.000    0.000 <frozen importlib._bootstrap>:742(<genexpr>)
    277/3    0.000    0.000    0.156    0.052 <frozen importlib._bootstrap>:1122(_exec)
        1    0.000    0.000    0.000    0.000 {built-in method fork_exec}
      295    0.000    0.000    0.000    0.000 <frozen importlib._bootstrap>:1336(find_spec)
    75/23    0.000    0.000    0.005    0.000 sre_parse.py:363(_parse_sub)
        1    0.000    0.000    0.087    0.087 __init__.py:23(<module>)
      277    0.000    0.000    0.000    0.000 <frozen importlib._bootstrap>:842(parent)
      404    0.000    0.000    0.000    0.000 _collections_abc.py:511(__iter__)
       41    0.000    0.000    0.000    0.000 <frozen importlib._bootstrap>:1979(__init__)
      185    0.000    0.000    0.000    0.000 {method 'extend' of 'list' objects}
       41    0.000    0.000    0.001    0.000 <frozen importlib._bootstrap>:2061(_fill_cache)
      385    0.000    0.000    0.000    0.000 {method 'endswith' of 'str' objects}
      404    0.000    0.000    0.000    0.000 inspect.py:2373(<genexpr>)
      312    0.000    0.000    0.000    0.000 <frozen importlib._bootstrap>:257(__init__)
      156    0.000    0.000    0.000    0.000 {method 'copy' of 'dict' objects}
     1361    0.000    0.000    0.000    0.000 {built-in method get_ident}
     24/6    0.000    0.000    0.000    0.000 abc.py:194(__subclasscheck__)
      555    0.000    0.000    0.000    0.000 {built-in method from_bytes}
       52    0.000    0.000    0.004    0.000 inspect.py:919(getargspec)
     1579    0.000    0.000    0.000    0.000 {built-in method release_lock}
      277    0.000    0.000    0.000    0.000 <frozen importlib._bootstrap>:732(__enter__)
      277    0.000    0.000    0.000    0.000 <frozen importlib._bootstrap>:728(__init__)
    45/14    0.000    0.000    0.074    0.005 {built-in method __import__}
       59    0.000    0.000    0.000    0.000 _weakrefset.py:36(__init__)
       31    0.000    0.000    0.000    0.000 _inspect.py:159(formatargspec)
       62    0.000    0.000    0.002    0.000 sre_compile.py:227(_compile_charset)
      295    0.000    0.000    0.000    0.000 {built-in method is_frozen}
       23    0.000    0.000    0.009    0.000 sre_compile.py:563(compile)
      239    0.000    0.000    0.000    0.000 _weakrefset.py:70(__contains__)
     1021    0.000    0.000    0.000    0.000 {method 'group' of '_sre.SRE_Match' objects}
      277    0.000    0.000    0.000    0.000 <frozen importlib._bootstrap>:1591(__init__)
      569    0.000    0.000    0.000    0.000 sre_parse.py:214(match)
       14    0.000    0.000    0.001    0.000 abc.py:132(__new__)
      311    0.000    0.000    0.000    0.000 sre_parse.py:150(append)
        1    0.000    0.000    0.067    0.067 __init__.py:106(<module>)
      277    0.000    0.000    0.000    0.000 {built-in method _fix_co_filename}
      630    0.000    0.000    0.000    0.000 {built-in method allocate_lock}
       17    0.000    0.000    0.000    0.000 sre_compile.py:406(_mk_bitmap)
        1    0.000    0.000    0.001    0.001 numerictypes.py:82(<module>)
       23    0.000    0.000    0.005    0.000 sre_parse.py:750(parse)
       98    0.000    0.000    0.000    0.000 {built-in method getcwd}
        2    0.000    0.000    0.000    0.000 {built-in method open}
       31    0.000    0.000    0.000    0.000 _inspect.py:61(getargs)
      404    0.000    0.000    0.000    0.000 __init__.py:87(__iter__)
       65    0.000    0.000    0.000    0.000 {built-in method is_builtin}
       82    0.000    0.000    0.000    0.000 __init__.py:366(<genexpr>)
        1    0.000    0.000    0.003    0.003 numeric.py:1(<module>)
      268    0.000    0.000    0.000    0.000 {built-in method add_docstring}
        1    0.000    0.000    0.005    0.005 __init__.py:38(<module>)
        1    0.000    0.000    0.001    0.001 subprocess.py:1333(_execute_child)
      309    0.000    0.000    0.000    0.000 <frozen importlib._bootstrap>:1266(find_spec)
        1    0.000    0.000    0.034    0.034 add_newdocs.py:10(<module>)
        1    0.000    0.000    0.000    0.000 dense.py:3(<module>)
       17    0.000    0.000    0.000    0.000 sre_compile.py:408(<listcomp>)
        2    0.000    0.000    0.007    0.003 util.py:1(<module>)
        1    0.000    0.000    0.000    0.000 opcode.py:5(<module>)
        9    0.000    0.000    0.000    0.000 datetime.py:302(__new__)
        1    0.000    0.000    0.004    0.004 decimal.py:113(<module>)
      179    0.000    0.000    0.000    0.000 sre_parse.py:90(__init__)
      313    0.000    0.000    0.000    0.000 <frozen importlib._bootstrap>:288(cb)
      304    0.000    0.000    0.000    0.000 <frozen importlib._bootstrap>:1000(__init__)
      925    0.000    0.000    0.000    0.000 {built-in method acquire_lock}
      104    0.000    0.000    0.000    0.000 _decorator3.py:144(<listcomp>)
       24    0.000    0.000    0.002    0.000 ga.py:97(exchange)
      172    0.000    0.000    0.000    0.000 {method 'split' of 'str' objects}
      104    0.000    0.000    0.000    0.000 _collections_abc.py:442(values)
        2    0.000    0.000    0.019    0.010 __init__.py:4(<module>)
       13    0.000    0.000    0.006    0.000 <frozen importlib._bootstrap>:1708(load_module)
      260    0.000    0.000    0.000    0.000 inspect.py:163(isfunction)
        1    0.000    0.000    0.000    0.000 __init__.py:266(_reset_cache)
        2    0.000    0.000    0.000    0.000 {built-in method dlopen}
        1    0.000    0.000    0.003    0.003 legendre.py:83(<module>)
        1    0.000    0.000    0.001    0.001 ElementTree.py:34(<module>)
       23    0.000    0.000    0.001    0.000 sre_compile.py:444(_compile_info)
      201    0.000    0.000    0.000    0.000 graph.py:1250(degree_iter)
        3    0.000    0.000    0.000    0.000 numeric.py:346(extend_all)
        1    0.000    0.000    0.000    0.000 ctypeslib.py:51(<module>)
        1    0.000    0.000    0.000    0.000 case.py:316(TestCase)
      365    0.000    0.000    0.000    0.000 {built-in method min}
       77    0.000    0.000    0.000    0.000 sre_compile.py:418(_simple)
       16    0.000    0.000    0.000    0.000 {built-in method print}
       55    0.000    0.000    0.000    0.000 sre_parse.py:307(_escape)
       41    0.000    0.000    0.001    0.000 <frozen importlib._bootstrap>:2102(path_hook_for_FileFinder)
      208    0.000    0.000    0.000    0.000 _decorator3.py:183(<genexpr>)
       23    0.000    0.000    0.000    0.000 core.py:5997(getdoc)
       19    0.000    0.000    0.000    0.000 nosetester.py:140(__init__)
      104    0.000    0.000    0.000    0.000 {method 'values' of 'mappingproxy' objects}
        1    0.000    0.000    0.006    0.006 inspect.py:27(<module>)
        1    0.000    0.000    0.000    0.000 {method 'close' of '_io.BufferedWriter' objects}
      338    0.000    0.000    0.000    0.000 {method 'startswith' of 'str' objects}
      404    0.000    0.000    0.000    0.000 {built-in method proxy}
       40    0.000    0.000    0.000    0.000 _inspect.py:120(getargspec)
      600    0.000    0.000    0.000    0.000 inspect.py:2143(name)
        1    0.000    0.000    0.000    0.000 numerictypes.py:304(_add_aliases)
        3    0.000    0.000    0.000    0.000 decimal.py:3894(__init__)
      369    0.000    0.000    0.000    0.000 <frozen importlib._bootstrap>:1985(<genexpr>)
      355    0.000    0.000    0.000    0.000 {built-in method getlower}
        1    0.000    0.000    0.000    0.000 defchararray.py:1668(chararray)
      261    0.000    0.000    0.000    0.000 sre_parse.py:138(__len__)
        2    0.000    0.000    0.001    0.001 function_base.py:1(<module>)
    27/26    0.000    0.000    0.007    0.000 <frozen importlib._bootstrap>:1156(_load_backward_compatible)
        1    0.000    0.000    0.003    0.003 util.py:202(_findSoname_ldconfig)
       26    0.000    0.000    0.000    0.000 numerictypes.py:232(bitname)
       40    0.000    0.000    0.001    0.000 core.py:109(get_object_signature)
      256    0.000    0.000    0.000    0.000 sre_compile.py:107(fixup)
      277    0.000    0.000    0.000    0.000 <frozen importlib._bootstrap>:850(has_location)
       27    0.000    0.000    0.000    0.000 core.py:822(__init__)
        1    0.000    0.000    0.002    0.002 __init__.py:24(<module>)
        1    0.000    0.000    0.002    0.002 tokenize.py:21(<module>)
        1    0.000    0.000    0.000    0.000 extras.py:10(<module>)
        1    0.000    0.000    0.000    0.000 core.py:2572(MaskedArray)
        1    0.000    0.000    0.001    0.001 datetime.py:5(<module>)
        2    0.000    0.000    0.000    0.000 {built-in method dir}
      432    0.000    0.000    0.000    0.000 <frozen importlib._bootstrap>:34(_relax_case)
       18    0.000    0.000    0.000    0.000 core.py:902(__init__)
       14    0.000    0.000    0.000    0.000 abc.py:135(<setcomp>)
    14/13    0.000    0.000    0.001    0.000 <frozen importlib._bootstrap>:1287(load_module)
       14    0.000    0.000    0.000    0.000 <frozen importlib._bootstrap>:859(spec_from_loader)
      447    0.000    0.000    0.000    0.000 {built-in method chr}
      410    0.000    0.000    0.000    0.000 {method 'isidentifier' of 'str' objects}
        1    0.000    0.000    0.000    0.000 process.py:10(<module>)
        1    0.000    0.000    0.000    0.000 graph.py:1211(degree)
      182    0.000    0.000    0.000    0.000 {method 'find' of 'bytearray' objects}
       74    0.000    0.000    0.000    0.000 _inspect.py:152(strseq)
        1    0.000    0.000    0.000    0.000 _compat_pickle.py:8(<module>)
       20    0.000    0.000    0.000    0.000 posixpath.py:145(dirname)
      144    0.000    0.000    0.000    0.000 inspect.py:1072(formatargandannotation)
      139    0.000    0.000    0.000    0.000 {built-in method _getframe}
       23    0.000    0.000    0.000    0.000 sre_parse.py:190(__init__)
       23    0.000    0.000    0.004    0.000 sre_compile.py:548(_code)
       26    0.000    0.000    0.000    0.000 <frozen importlib._bootstrap>:2240(_gcd_import)
        1    0.000    0.000    0.012    0.012 uuid.py:45(<module>)
       31    0.000    0.000    0.000    0.000 _weakrefset.py:58(__iter__)
        4    0.000    0.000    0.374    0.094 ga.py:16(__init__)
       38    0.000    0.000    0.000    0.000 sre_parse.py:72(opengroup)
       82    0.000    0.000    0.000    0.000 __init__.py:364(<genexpr>)
        1    0.000    0.000    0.001    0.001 dis.py:1(<module>)
        1    0.000    0.000    0.000    0.000 scimath.py:17(<module>)
        1    0.000    0.000    0.002    0.002 random.py:37(<module>)
      300    0.000    0.000    0.000    0.000 inspect.py:2155(kind)
       59    0.000    0.000    0.000    0.000 {built-in method repr}
       49    0.000    0.000    0.000    0.000 {method 'replace' of 'str' objects}
        1    0.000    0.000    0.003    0.003 shutil.py:5(<module>)
        2    0.000    0.000    0.023    0.011 __init__.py:15(<module>)
       23    0.000    0.000    0.000    0.000 numerictypes.py:219(_evalname)
        1    0.000    0.000    0.001    0.001 pickle.py:24(<module>)
      300    0.000    0.000    0.000    0.000 inspect.py:2151(annotation)
      101    0.000    0.000    0.000    0.000 re.py:157(match)
        1    0.000    0.000    0.004    0.004 communicability_alg.py:3(<module>)
       27    0.000    0.000    0.000    0.000 <frozen importlib._bootstrap>:147(__exit__)
        1    0.000    0.000    0.000    0.000 token.py:71(<dictcomp>)
        1    0.000    0.000    0.003    0.003 index_tricks.py:1(<module>)
        1    0.000    0.000    0.002    0.002 __init__.py:88(<module>)
       41    0.000    0.000    0.000    0.000 <frozen importlib._bootstrap>:92(_path_isdir)
      112    0.000    0.000    0.000    0.000 {method 'translate' of 'str' objects}
      277    0.000    0.000    0.000    0.000 <frozen importlib._bootstrap>:1616(get_filename)
      104    0.000    0.000    0.000    0.000 {method 'splitlines' of 'str' objects}
        1    0.000    0.000    0.001    0.001 tarfile.py:30(<module>)
    28/26    0.000    0.000    0.001    0.000 <frozen importlib._bootstrap>:546(_requires_builtin_wrapper)
       16    0.000    0.000    0.000    0.000 {built-in method clock}
       23    0.000    0.000    0.000    0.000 sre_parse.py:67(__init__)
        1    0.000    0.000    0.000    0.000 numerictypes.py:288(_add_types)
        1    0.000    0.000    0.000    0.000 utils.py:4(<module>)
        2    0.000    0.000    0.000    0.000 {built-in method POINTER}
      104    0.000    0.000    0.000    0.000 _collections_abc.py:456(__init__)
        1    0.000    0.000    0.002    0.002 _internal.py:6(<module>)
      277    0.000    0.000    0.000    0.000 inspect.py:2147(default)
        1    0.000    0.000    0.001    0.001 context.py:1(<module>)
        1    0.000    0.000    0.001    0.001 npyio.py:1(<module>)
        1    0.000    0.000    0.001    0.001 __init__.py:86(<module>)
        1    0.000    0.000    0.004    0.004 subprocess.py:345(<module>)
       21    0.000    0.000    0.003    0.000 decorators.py:10(not_implemented_for)
       46    0.000    0.000    0.000    0.000 sre_compile.py:545(isstring)
        1    0.000    0.000    0.002    0.002 threading.py:1(<module>)
        1    0.000    0.000    0.001    0.001 linalg.py:10(<module>)
        1    0.000    0.000    0.000    0.000 pickle.py:180(<listcomp>)
       12    0.000    0.000    0.000    0.000 ctypeslib.py:311(prep_simple)
      104    0.000    0.000    0.000    0.000 {built-in method vars}
        3    0.000    0.000    0.001    0.000 warnings.py:32(filterwarnings)
       30    0.000    0.000    0.000    0.000 numerictypes.py:450(_add_array_type)
       72    0.000    0.000    0.000    0.000 numerictypes.py:130(english_lower)
       38    0.000    0.000    0.000    0.000 sre_parse.py:83(closegroup)
        1    0.000    0.000    0.006    0.006 tempfile.py:16(<module>)
      108    0.000    0.000    0.000    0.000 <frozen importlib._bootstrap>:148(<genexpr>)
        1    0.000    0.000    0.005    0.005 case.py:1(<module>)
        6    0.000    0.000    0.000    0.000 core.py:1052(__init__)
        1    0.000    0.000    0.003    0.003 laguerre.py:59(<module>)
        7    0.000    0.000    0.000    0.000 functools.py:43(update_wrapper)
        2    0.000    0.000    0.002    0.001 __init__.py:2(<module>)
        1    0.000    0.000    0.003    0.003 hermite_e.py:59(<module>)
       22    0.000    0.000    0.004    0.000 decorators.py:131(open_file)
        1    0.000    0.000    0.000    0.000 ast.py:26(<module>)
        1    0.000    0.000    0.006    0.006 decorators.py:198(_open_file)
       13    0.000    0.000    0.000    0.000 <frozen importlib._bootstrap>:1726(is_package)
        1    0.000    0.000    0.000    0.000 gexf.py:164(GEXF)
        1    0.000    0.000    0.000    0.000 eigenvector.py:3(<module>)
      104    0.000    0.000    0.000    0.000 inspect.py:2468(return_annotation)
        1    0.000    0.000    0.067    0.067 ga.py:3(<module>)
       24    0.000    0.000    0.000    0.000 _weakrefset.py:26(__exit__)
        1    0.000    0.000    0.000    0.000 numerictypes.py:787(_construct_lookups)
        1    0.000    0.000    0.001    0.001 arrayprint.py:5(<module>)
       23    0.000    0.000    0.001    0.000 core.py:5992(__init__)
       43    0.000    0.000    0.000    0.000 _inspect.py:163(<lambda>)
        1    0.000    0.000    0.020    0.020 misc.py:10(<module>)
        1    0.000    0.000    0.000    0.000 decorators.py:1(<module>)
       82    0.000    0.000    0.000    0.000 _decorator3.py:96(<lambda>)
        1    0.000    0.000    0.000    0.000 defchararray.py:17(<module>)
        1    0.000    0.000    0.002    0.002 polynomial.py:4(<module>)
        1    0.000    0.000    0.000    0.000 pickle.py:974(_Unpickler)
        1    0.000    0.000    0.000    0.000 format.py:136(<module>)
    62/43    0.000    0.000    0.000    0.000 {built-in method issubclass}
        1    0.000    0.000    0.000    0.000 numerictypes.py:435(_construct_char_code_lookup)
        1    0.000    0.000    0.003    0.003 chebyshev.py:87(<module>)
        1    0.000    0.000    0.020    0.020 type_check.py:3(<module>)
        1    0.000    0.000    0.001    0.001 selectors.py:5(<module>)
       65    0.000    0.000    0.000    0.000 <frozen importlib._bootstrap>:1729(<genexpr>)
        1    0.000    0.000    0.004    0.004 polynomial.py:55(<module>)
       52    0.000    0.000    0.000    0.000 <string>:12(__new__)
       29    0.000    0.000    0.000    0.000 _weakrefset.py:81(add)
        1    0.000    0.000    0.000    0.000 all.py:2(<module>)
       24    0.000    0.000    0.000    0.000 _weakrefset.py:20(__enter__)
        1    0.000    0.000    0.000    0.000 numerictypes.py:116(<listcomp>)
        2    0.000    0.000    0.000    0.000 shape_base.py:1(<module>)
        1    0.000    0.000    0.009    0.009 __init__.py:45(<module>)
        1    0.000    0.000    0.000    0.000 argparse.py:62(<module>)
        1    0.000    0.000    0.010    0.010 __init__.py:7(<module>)
        2    0.000    0.000    0.008    0.004 __init__.py:3(<module>)
        1    0.000    0.000    0.003    0.003 hermite.py:59(<module>)
      281    0.000    0.000    0.000    0.000 {built-in method ord}
        1    0.000    0.000    0.001    0.001 utils.py:1(<module>)
        1    0.000    0.000    0.001    0.001 katz.py:3(<module>)
        6    0.000    0.000    0.004    0.001 string.py:97(substitute)
        9    0.000    0.000    0.000    0.000 extras.py:245(getdoc)
        1    0.000    0.000    0.000    0.000 fromnumeric.py:3(<module>)
        1    0.000    0.000    0.001    0.001 subprocess.py:746(__init__)
       14    0.000    0.000    0.000    0.000 py3k.py:28(asbytes)
        1    0.000    0.000    0.000    0.000 py3k.py:4(<module>)
        1    0.000    0.000    0.000    0.000 cuts.py:4(<module>)
       77    0.000    0.000    0.000    0.000 sre_parse.py:146(__setitem__)
        1    0.000    0.000    0.000    0.000 decimal.py:553(Decimal)
        8    0.000    0.000    0.000    0.000 core.py:7199(__init__)
        1    0.000    0.000    0.006    0.006 release.py:30(<module>)
        1    0.000    0.000    0.002    0.002 hashlib.py:53(<module>)
       23    0.000    0.000    0.000    0.000 sre_parse.py:738(fix_flags)
       13    0.000    0.000    0.000    0.000 <frozen importlib._bootstrap>:2322(__import__)
       21    0.000    0.000    0.000    0.000 sre_parse.py:265(_class_escape)
      101    0.000    0.000    0.000    0.000 opcode.py:41(def_op)
        1    0.000    0.000    0.003    0.003 util.py:243(find_library)
        1    0.000    0.000    0.000    0.000 _endian.py:1(<module>)
        1    0.000    0.000    0.001    0.001 cycles.py:5(<module>)
       26    0.000    0.000    0.000    0.000 <frozen importlib._bootstrap>:2187(_sanity_check)
       23    0.000    0.000    0.009    0.000 re.py:221(compile)
        1    0.000    0.000    0.000    0.000 numerictypes.py:345(_add_integer_aliases)
       14    0.000    0.000    0.000    0.000 __init__.py:142(_check_size)
      150    0.000    0.000    0.000    0.000 {method 'items' of 'dict' objects}
        6    0.000    0.000    0.000    0.000 sre_compile.py:411(_bytes_to_codes)
        1    0.000    0.000    0.003    0.003 laplacianmatrix.py:3(<module>)
        1    0.000    0.000    0.000    0.000 {built-in method pow}
        6    0.000    0.000    0.000    0.000 decimal.py:3944(_set_signal_dict)
      106    0.000    0.000    0.000    0.000 {built-in method callable}
        4    0.000    0.000    0.000    0.000 uuid.py:104(__init__)
        1    0.000    0.000    0.001    0.001 gexf.py:17(<module>)
        1    0.000    0.000    0.000    0.000 records.py:36(<module>)
        1    0.000    0.000    0.002    0.002 __init__.py:44(<module>)
       40    0.000    0.000    0.000    0.000 _inspect.py:26(isfunction)
        1    0.000    0.000    0.000    0.000 loader.py:1(<module>)
        1    0.000    0.000    0.000    0.000 random_graphs.py:5(<module>)
        1    0.000    0.000    0.000    0.000 _iotools.py:3(<module>)
        2    0.000    0.000    0.000    0.000 __init__.py:335(__init__)
        1    0.000    0.000    0.000    0.000 defmatrix.py:1(<module>)
       31    0.000    0.000    0.000    0.000 _inspect.py:39(iscode)
        1    0.000    0.000    0.000    0.000 {built-in method waitpid}
        9    0.000    0.000    0.000    0.000 {built-in method round}
        1    0.000    0.000    0.000    0.000 <string>:7(HermiteE)
        1    0.000    0.000    0.000    0.000 numeric.py:353(<listcomp>)
        1    0.000    0.000    0.004    0.004 graphml.py:36(<module>)
       40    0.000    0.000    0.000    0.000 _inspect.py:15(ismethod)
        6    0.000    0.000    0.000    0.000 decimal.py:562(__new__)
        1    0.000    0.000    0.000    0.000 bipartite.py:5(<module>)
        8    0.000    0.000    0.000    0.000 core.py:7204(getdoc)
        1    0.000    0.000    0.003    0.003 gpickle.py:22(<module>)
        1    0.000    0.000    0.000    0.000 {method 'close' of '_io.BufferedReader' objects}
        1    0.000    0.000    0.000    0.000 degree_seq.py:3(<module>)
        1    0.000    0.000    0.000    0.000 _import_tools.py:1(<module>)
       27    0.000    0.000    0.000    0.000 decimal.py:3955(__setattr__)
        1    0.000    0.000    0.000    0.000 geometric.py:4(<module>)
        1    0.000    0.000    0.000    0.000 fractions.py:49(Fraction)
       46    0.000    0.000    0.000    0.000 abc.py:9(abstractmethod)
        1    0.000    0.000    0.000    0.000 {built-in method cpu_count}
        1    0.000    0.000    0.000    0.000 graph.py:9(<module>)
        1    0.000    0.000    0.001    0.001 difflib.py:27(<module>)
        1    0.000    0.000    0.007    0.007 _decorator3.py:29(<module>)
        1    0.000    0.000    0.000    0.000 spectrum.py:3(<module>)
       64    0.000    0.000    0.000    0.000 {method 'remove' of 'list' objects}
        1    0.000    0.000    0.000    0.000 getlimits.py:3(<module>)
        1    0.000    0.000    0.002    0.002 traceback.py:1(<module>)
        1    0.000    0.000    0.000    0.000 nx_agraph.py:17(<module>)
        1    0.000    0.000    0.000    0.000 basic.py:6(<module>)
        1    0.000    0.000    0.001    0.001 __init__.py:10(<module>)
       38    0.000    0.000    0.000    0.000 decimal.py:3919(<genexpr>)
        2    0.000    0.000    0.000    0.000 __init__.py:368(__getitem__)
        1    0.000    0.000    0.000    0.000 <string>:7(Chebyshev)
        1    0.000    0.000    0.000    0.000 <string>:7(Legendre)
        1    0.000    0.000    0.000    0.000 <string>:7(Hermite)
       19    0.000    0.000    0.000    0.000 {built-in method calcsize}
        1    0.000    0.000    0.000    0.000 release.py:161(get_info)
        2    0.000    0.000    0.000    0.000 utils.py:108(__call__)
        1    0.000    0.000    0.000    0.000 memmap.py:1(<module>)
       22    0.000    0.000    0.000    0.000 {method 'rfind' of 'str' objects}
        1    0.000    0.000    0.000    0.000 <string>:7(Laguerre)
        1    0.000    0.000    0.000    0.000 graph.py:25(Graph)
        1    0.000    0.000    0.000    0.000 {function Random.seed at 0x7f5440ecb620}
        1    0.000    0.000    0.000    0.000 linalg.py:76(_determine_error_states)
        1    0.000    0.000    0.000    0.000 defmatrix.py:206(matrix)
        1    0.000    0.000    0.007    0.007 fractions.py:4(<module>)
        2    0.000    0.000    0.000    0.000 utils.py:152(deprecate)
        1    0.000    0.000    0.000    0.000 _iotools.py:466(StringConverter)
      177    0.000    0.000    0.000    0.000 {method 'add' of 'set' objects}
        1    0.000    0.000    0.000    0.000 _inspect.py:7(<module>)
        1    0.000    0.000    0.001    0.001 adjlist.py:24(<module>)
       82    0.000    0.000    0.000    0.000 {method '__contains__' of 'frozenset' objects}
        1    0.000    0.000    0.000    0.000 {built-in method now}
       27    0.000    0.000    0.000    0.000 <frozen importlib._bootstrap>:141(__init__)
        1    0.000    0.000    0.000    0.000 <string>:7(Polynomial)
        1    0.000    0.000    0.000    0.000 getlimits.py:194(iinfo)
        1    0.000    0.000    0.000    0.000 <string>:5(_Instruction)
        1    0.000    0.000    0.000    0.000 runner.py:1(<module>)
        1    0.000    0.000    0.001    0.001 multiline_adjlist.py:27(<module>)
       24    0.000    0.000    0.000    0.000 _weakrefset.py:16(__init__)
        1    0.000    0.000    0.000    0.000 numerictypes.py:458(_set_array_types)
        1    0.000    0.000    0.001    0.001 main.py:1(<module>)
        1    0.000    0.000    0.001    0.001 result.py:1(<module>)
        1    0.000    0.000    0.001    0.001 gml.py:24(<module>)
        1    0.000    0.000    0.000    0.000 numerictypes.py:386(_set_up_aliases)
        1    0.000    0.000    0.000    0.000 matchhelpers.py:3(<module>)
        1    0.000    0.000    0.000    0.000 decimal.py:3875(Context)
        1    0.000    0.000    0.002    0.002 string.py:15(<module>)
        2    0.000    0.000    0.000    0.000 getlimits.py:244(__init__)
        1    0.000    0.000    0.000    0.000 classic.py:12(<module>)
        1    0.000    0.000    0.000    0.000 graphml.py:199(GraphML)
        1    0.000    0.000    0.000    0.000 bz2.py:5(<module>)
        1    0.000    0.000    0.000    0.000 _datasource.py:33(<module>)
        1    0.000    0.000    0.000    0.000 arraypad.py:5(<module>)
      104    0.000    0.000    0.000    0.000 inspect.py:2464(parameters)
        1    0.000    0.000    0.000    0.000 tarfile.py:718(TarInfo)
       15    0.000    0.000    0.000    0.000 decimal.py:3930(_set_integer_check)
        1    0.000    0.000    0.000    0.000 pprint.py:35(<module>)
        1    0.000    0.000    0.000    0.000 polyutils.py:33(<module>)
        2    0.000    0.000    0.000    0.000 re.py:239(escape)
        1    0.000    0.000    0.000    0.000 digraph.py:1(<module>)
       25    0.000    0.000    0.000    0.000 posixpath.py:38(_get_sep)
        1    0.000    0.000    0.000    0.000 tarfile.py:1375(TarFile)
        1    0.000    0.000    0.000    0.000 clique.py:13(<module>)
        2    0.000    0.000    0.000    0.000 posixpath.py:318(normpath)
       36    0.000    0.000    0.000    0.000 __init__.py:22(<genexpr>)
        1    0.000    0.000    0.007    0.007 dag.py:2(<module>)
        1    0.000    0.000    0.000    0.000 datetime.py:1290(datetime)
        1    0.000    0.000    0.000    0.000 current_flow_betweenness_subset.py:3(<module>)
        1    0.000    0.000    0.000    0.000 token.py:1(<module>)
        1    0.000    0.000    0.000    0.000 _methods.py:5(<module>)
        1    0.000    0.000    0.000    0.000 suite.py:1(<module>)
        1    0.000    0.000    0.000    0.000 signals.py:1(<module>)
        3    0.000    0.000    0.000    0.000 contextlib.py:96(contextmanager)
       24    0.000    0.000    0.000    0.000 {method '__subclasses__' of 'type' objects}
       30    0.000    0.000    0.000    0.000 decimal.py:3926(<genexpr>)
        9    0.000    0.000    0.000    0.000 core.py:2428(__init__)
        4    0.000    0.000    0.000    0.000 {built-in method close}
        3    0.000    0.000    0.000    0.000 __init__.py:73(CFUNCTYPE)
        1    0.000    0.000    0.000    0.000 financial.py:10(<module>)
        1    0.000    0.000    0.000    0.000 current_flow_closeness.py:4(<module>)
        1    0.000    0.000    0.001    0.001 ElementPath.py:59(<module>)
       19    0.000    0.000    0.000    0.000 tokenize.py:109(group)
        1    0.000    0.000    0.000    0.000 small.py:5(<module>)
       17    0.000    0.000    0.000    0.000 {method 'translate' of 'bytearray' objects}
        1    0.000    0.000    0.000    0.000 nosetester.py:6(<module>)
        1    0.000    0.000    0.000    0.000 helper.py:4(<module>)
        1    0.000    0.000    0.000    0.000 fftpack.py:32(<module>)
        1    0.000    0.000    0.000    0.000 graph.py:1591(size)
        1    0.000    0.000    0.000    0.000 threshold.py:3(<module>)
        1    0.000    0.000    0.001    0.001 pajek.py:14(<module>)
        9    0.000    0.000    0.000    0.000 core.py:2434(getdoc)
        1    0.000    0.000    0.000    0.000 numbers.py:6(<module>)
        1    0.000    0.000    0.000    0.000 <string>:5(FullArgSpec)
        1    0.000    0.000    0.000    0.000 subprocess.py:1526(wait)
       13    0.000    0.000    0.000    0.000 <frozen importlib._bootstrap>:1697(__init__)
        1    0.000    0.000    0.000    0.000 current_flow_betweenness.py:3(<module>)
        1    0.000    0.000    0.000    0.000 datetime.py:283(timedelta)
        1    0.000    0.000    0.000    0.000 numbers.py:32(Complex)
        1    0.000    0.000    0.000    0.000 astar.py:3(<module>)
        1    0.000    0.000    0.000    0.000 twodim_base.py:3(<module>)
        1    0.000    0.000    0.001    0.001 sparsegraph6.py:16(<module>)
        1    0.000    0.000    0.001    0.001 correlation.py:3(<module>)
        3    0.000    0.000    0.000    0.000 matchhelpers.py:20(copyfunc)
        1    0.000    0.000    0.001    0.001 edgelist.py:28(<module>)
        1    0.000    0.000    0.000    0.000 closeness.py:3(<module>)
        1    0.000    0.000    0.000    0.000 subprocess.py:742(Popen)
        1    0.000    0.000    0.000    0.000 leda.py:10(<module>)
        1    0.000    0.000    0.000    0.000 <string>:5(SelectorKey)
       24    0.000    0.000    0.000    0.000 _weakrefset.py:52(_commit_removals)
        1    0.000    0.000    0.000    0.000 directed.py:9(<module>)
        1    0.000    0.000    0.000    0.000 context.py:29(BaseContext)
        1    0.000    0.000    0.000    0.000 <string>:5(Mismatch)
        1    0.000    0.000    0.000    0.000 chordal_alg.py:8(<module>)
        1    0.000    0.000    0.000    0.000 distance_measures.py:4(<module>)
        1    0.000    0.000    0.000    0.000 convert.py:33(<module>)
        5    0.000    0.000    0.000    0.000 datetime.py:646(__new__)
        1    0.000    0.000    0.006    0.006 <string>:1(write_gpickle)
        1    0.000    0.000    0.000    0.000 multigraph.py:1(<module>)
        1    0.000    0.000    0.000    0.000 pickle.py:348(_Pickler)
        1    0.000    0.000    0.001    0.001 nx_yaml.py:15(<module>)
        1    0.000    0.000    0.000    0.000 bisect.py:1(<module>)
        1    0.000    0.000    0.000    0.000 <string>:5(ArgSpec)
        1    0.000    0.000    0.000    0.000 weighted.py:4(<module>)
        1    0.000    0.000    0.000    0.000 fnmatch.py:11(<module>)
        1    0.000    0.000    0.000    0.000 <string>:5(ModuleInfo)
       50    0.000    0.000    0.000    0.000 {built-in method sizeof}
        4    0.000    0.000    0.000    0.000 core.py:92(doc_note)
        1    0.000    0.000    0.000    0.000 {method 'timetuple' of 'datetime.datetime' objects}
        1    0.000    0.000    0.001    0.001 string.py:61(__init__)
        1    0.000    0.000    0.000    0.000 cluster.py:7(<module>)
        1    0.000    0.000    0.000    0.000 datetime.py:1808(timezone)
        1    0.000    0.000    0.000    0.000 polytemplate.py:11(<module>)
        1    0.000    0.000    0.006    0.006 gpickle.py:41(write_gpickle)
        1    0.000    0.000    0.000    0.000 <string>:5(TokenInfo)
        3    0.000    0.000    0.000    0.000 result.py:12(failfast)
        1    0.000    0.000    0.000    0.000 arraysetops.py:26(<module>)
        4    0.000    0.000    0.000    0.000 abc.py:151(register)
        1    0.000    0.000    0.000    0.000 ufunclike.py:5(<module>)
        1    0.000    0.000    0.000    0.000 <string>:5(Attribute)
       21    0.000    0.000    0.000    0.000 {method 'encode' of 'str' objects}
        9    0.000    0.000    0.002    0.000 decorators.py:67(require)
       27    0.000    0.000    0.000    0.000 <frozen importlib._bootstrap>:144(__enter__)
        1    0.000    0.000    0.001    0.001 re.py:167(search)
        1    0.000    0.000    0.000    0.000 <string>:2(<module>)
        1    0.000    0.000    0.000    0.000 nanfunctions.py:16(<module>)
        1    0.000    0.000    0.000    0.000 betweenness_subset.py:3(<module>)
        1    0.000    0.000    0.000    0.000 threading.py:742(Thread)
        1    0.000    0.000    0.000    0.000 _internal.py:196(_getintp_ctype)
        1    0.000    0.000    0.000    0.000 unweighted.py:4(<module>)
        1    0.000    0.000    0.000    0.000 degree_alg.py:4(<module>)
        1    0.000    0.000    0.000    0.000 <string>:5(ArgInfo)
        1    0.000    0.000    0.000    0.000 biconnected.py:4(<module>)
        1    0.000    0.000    0.000    0.000 betweenness.py:3(<module>)
        1    0.000    0.000    0.000    0.000 machar.py:7(<module>)
        1    0.000    0.000    0.000    0.000 __future__.py:48(<module>)
        1    0.000    0.000    0.000    0.000 arrayterator.py:9(<module>)
        1    0.000    0.000    0.000    0.000 random.py:93(seed)
        1    0.000    0.000    0.000    0.000 <string>:5(DecimalTuple)
       40    0.000    0.000    0.000    0.000 numerictypes.py:157(english_upper)
        1    0.000    0.000    0.000    0.000 threading.py:761(__init__)
        1    0.000    0.000    0.000    0.000 mis.py:6(<module>)
        1    0.000    0.000    0.000    0.000 _internal.py:224(_ctypes)
        1    0.000    0.000    0.000    0.000 <string>:5(usage)
        1    0.000    0.000    0.000    0.000 copyreg.py:96(_slotnames)
        1    0.000    0.000    0.000    0.000 uuid.py:56(UUID)
        1    0.000    0.000    0.000    0.000 load.py:4(<module>)
        1    0.000    0.000    0.000    0.000 subprocess.py:1461(_handle_exitstatus)
       45    0.000    0.000    0.000    0.000 {built-in method divmod}
        1    0.000    0.000    0.000    0.000 graphical.py:3(<module>)
        1    0.000    0.000    0.000    0.000 datetime.py:978(time)
        1    0.000    0.000    0.000    0.000 weakref.py:101(__init__)
        9    0.000    0.000    0.000    0.000 extras.py:241(__init__)
        1    0.000    0.000    0.000    0.000 <string>:5(Traceback)
       14    0.000    0.000    0.000    0.000 numerictypes.py:184(english_capitalize)
        1    0.000    0.000    0.000    0.000 depth_first_search.py:10(<module>)
        1    0.000    0.000    0.000    0.000 {built-in method asctime}
        1    0.000    0.000    0.146    0.146 graph.py:32(__init__)
        1    0.000    0.000    0.000    0.000 mixing.py:4(<module>)
        1    0.000    0.000    0.000    0.000 connectivity.py:7(<module>)
        1    0.000    0.000    0.000    0.000 function.py:2(<module>)
        1    0.000    0.000    0.000    0.000 <string>:5(ClosureVars)
        1    0.000    0.000    0.000    0.000 process.py:62(BaseProcess)
        1    0.000    0.000    0.000    0.000 tempfile.py:645(SpooledTemporaryFile)
       80    0.000    0.000    0.000    0.000 {built-in method globals}
        1    0.000    0.000    0.000    0.000 connectivity.py:4(<module>)
        1    0.000    0.000    0.002    0.002 cElementTree.py:3(<module>)
        6    0.000    0.000    0.000    0.000 functools.py:73(wraps)
       36    0.000    0.000    0.000    0.000 context.py:254(<genexpr>)
        1    0.000    0.000    0.000    0.000 <string>:5(Match)
        4    0.000    0.000    0.000    0.000 fractions.py:289(_operator_fallbacks)
        1    0.000    0.000    0.000    0.000 test.py:2(<module>)
        1    0.000    0.000    0.000    0.000 random.py:68(Random)
        1    0.000    0.000    0.000    0.000 vf2userfunc.py:32(<module>)
        7    0.000    0.000    0.000    0.000 {method 'index' of 'list' objects}
        1    0.000    0.000    0.000    0.000 polynomial.py:930(poly1d)
        1    0.000    0.000    0.000    0.000 mincost.py:4(<module>)
        1    0.000    0.000    0.000    0.000 cluster.py:2(<module>)
        1    0.000    0.000    0.006    0.006 graph.py:48(write)
        1    0.000    0.000    0.000    0.000 stride_tricks.py:7(<module>)
        3    0.000    0.000    0.000    0.000 datetime.py:1300(__new__)
        1    0.000    0.000    0.000    0.000 kclique.py:7(<module>)
        1    0.000    0.000    0.000    0.000 pagerank_alg.py:1(<module>)
        1    0.000    0.000    0.087    0.087 graph.py:3(<module>)
        1    0.000    0.000    0.000    0.000 <string>:5(_LoggingWatcher)
        1    0.000    0.000    0.000    0.000 chromosome.py:5(Chromosome)
        1    0.000    0.000    0.000    0.000 binary.py:3(<module>)
        1    0.000    0.000    0.000    0.000 {method 'view' of 'numpy.ndarray' objects}
        1    0.000    0.000    0.000    0.000 argparse.py:1591(ArgumentParser)
        6    0.000    0.000    0.000    0.000 {method 'tolist' of 'memoryview' objects}
        1    0.000    0.000    0.000    0.000 <string>:5(Arguments)
        1    0.000    0.000    0.000    0.000 core.py:5761(MaskedConstant)
        3    0.000    0.000    0.000    0.000 index_tricks.py:231(__init__)
        6    0.000    0.000    0.000    0.000 {method 'cast' of 'memoryview' objects}
        1    0.000    0.000    0.000    0.000 nx_pylab.py:15(<module>)
        2    0.000    0.000    0.000    0.000 __init__.py:361(__getattr__)
        1    0.000    0.000    0.000    0.000 datetime.py:616(date)
        1    0.000    0.000    0.000    0.000 release.py:120(get_revision)
        5    0.000    0.000    0.000    0.000 datetime.py:252(_check_date_fields)
        1    0.000    0.000    0.000    0.000 random_sequence.py:4(<module>)
        3    0.000    0.000    0.000    0.000 {built-in method seterrobj}
        1    0.000    0.000    0.000    0.000 os.py:772(fsdecode)
        1    0.000    0.000    0.000    0.000 multidigraph.py:1(<module>)
        1    0.000    0.000    0.000    0.000 process.py:298(__init__)
        1    0.000    0.000    0.000    0.000 product.py:3(<module>)
        1    0.000    0.000    0.000    0.000 neighbor_degree.py:7(<module>)
        1    0.000    0.000    0.000    0.000 digraph.py:17(DiGraph)
        1    0.000    0.000    0.000    0.000 posixpath.py:99(split)
        6    0.000    0.000    0.000    0.000 hashlib.py:98(__get_openssl_constructor)
        1    0.000    0.000    0.000    0.000 {built-in method uname}
        1    0.000    0.000    0.000    0.000 bz2.py:33(BZ2File)
        2    0.000    0.000    0.000    0.000 numeric.py:2320(seterr)
        1    0.000    0.000    0.000    0.000 numbers.py:147(Real)
        1    0.000    0.000    0.000    0.000 projection.py:3(<module>)
        2    0.000    0.000    0.000    0.000 posixpath.py:355(abspath)
        5    0.000    0.000    0.000    0.000 {method 'insert' of 'list' objects}
        1    0.000    0.000    0.000    0.000 numpytest.py:1(<module>)
        1    0.000    0.000    0.000    0.000 runner.py:29(TextTestResult)
        2    0.000    0.000    0.000    0.000 sre_compile.py:423(_generate_overlap_table)
        1    0.000    0.000    0.000    0.000 warnings.py:335(__enter__)
        2    0.000    0.000    0.000    0.000 datetime.py:1002(__new__)
        1    0.000    0.000    0.000    0.000 matching.py:5(<module>)
        1    0.000    0.000    0.000    0.000 result.py:24(TestResult)
        1    0.000    0.000    0.000    0.000 exception.py:9(<module>)
        1    0.000    0.000    0.000    0.000 breadth_first_search.py:7(<module>)
        2    0.000    0.000    0.000    0.000 {built-in method pipe}
        1    0.000    0.000    0.000    0.000 numbers.py:294(Integral)
        2    0.000    0.000    0.000    0.000 subprocess.py:488(_eintr_retry_call)
        1    0.000    0.000    0.000    0.000 __init__.py:759(__init__)
        6    0.000    0.000    0.000    0.000 {method 'setter' of 'property' objects}
        1    0.000    0.000    0.000    0.000 ElementTree.py:122(Element)
        1    0.000    0.000    0.000    0.000 argparse.py:153(HelpFormatter)
       52    0.000    0.000    0.000    0.000 _compat_pickle.py:136(<genexpr>)
        1    0.000    0.000    0.000    0.000 random_clustered.py:3(<module>)
        1    0.000    0.000    0.000    0.000 functools.py:420(decorating_function)
        1    0.000    0.000    0.000    0.000 generic.py:10(<module>)
        1    0.000    0.000    0.000    0.000 flow_matrix.py:3(<module>)
       10    0.000    0.000    0.000    0.000 graphml.py:223(<genexpr>)
        1    0.000    0.000    0.000    0.000 swap.py:3(<module>)
        1    0.000    0.000    0.000    0.000 isomorphvf2.py:129(<module>)
        1    0.000    0.000    0.000    0.000 decorators.py:15(<module>)
        1    0.000    0.000    0.000    0.000 threading.py:210(__init__)
        1    0.000    0.000    0.000    0.000 intersection.py:4(<module>)
        1    0.000    0.000    0.000    0.000 subprocess.py:894(__exit__)
        1    0.000    0.000    0.000    0.000 core.py:5564(mvoid)
        1    0.000    0.000    0.000    0.000 pairs.py:2(<module>)
        1    0.000    0.000    0.067    0.067 chromosome.py:3(<module>)
        6    0.000    0.000    0.000    0.000 os.py:759(fsencode)
        1    0.000    0.000    0.000    0.000 redundancy.py:2(<module>)
        1    0.000    0.000    0.000    0.000 layout.py:7(<module>)
       13    0.000    0.000    0.000    0.000 {method 'partition' of 'str' objects}
        1    0.000    0.000    0.000    0.000 subprocess.py:1272(_get_handles)
        1    0.000    0.000    0.000    0.000 {built-in method sysconf}
        1    0.000    0.000    0.000    0.000 os.py:628(__getitem__)
        1    0.000    0.000    0.000    0.000 isomorph.py:3(<module>)
        1    0.000    0.000    0.002    0.002 linecache.py:6(<module>)
        1    0.000    0.000    0.000    0.000 mst.py:5(<module>)
        1    0.000    0.000    0.000    0.000 weakref.py:312(__init__)
        1    0.000    0.000    0.000    0.000 attrmatrix.py:3(<module>)
        1    0.000    0.000    0.000    0.000 _iotools.py:246(NameValidator)
        1    0.000    0.000    0.000    0.000 relabel.py:7(<module>)
        1    0.000    0.000    0.000    0.000 strongly_connected.py:4(<module>)
        1    0.000    0.000    0.001    0.001 atlas.py:11(<module>)
       23    0.000    0.000    0.000    0.000 {built-in method max}
        1    0.000    0.000    0.000    0.000 inspect.py:2086(Parameter)
        1    0.000    0.000    0.000    0.000 _iotools.py:155(LineSplitter)
        1    0.000    0.000    0.000    0.000 rcm.py:3(<module>)
       11    0.000    0.000    0.000    0.000 opcode.py:45(name_op)
        1    0.000    0.000    0.000    0.000 multigraph.py:16(MultiGraph)
       84    0.000    0.000    0.000    0.000 {built-in method abs}
        1    0.000    0.000    0.000    0.000 info.py:83(<module>)
        1    0.000    0.000    0.000    0.000 extras.py:1431(__init__)
        1    0.000    0.000    0.000    0.000 warnings.py:61(simplefilter)
        1    0.000    0.000    0.000    0.000 hits_alg.py:2(<module>)
        1    0.000    0.000    0.000    0.000 {built-in method exp}
        1    0.000    0.000    0.000    0.000 multidigraph.py:18(MultiDiGraph)
        1    0.000    0.000    0.000    0.000 __init__.py:750(Handler)
        1    0.000    0.000    0.000    0.000 attracting.py:4(<module>)
        1    0.000    0.000    0.000    0.000 spectral.py:4(<module>)
        1    0.000    0.000    0.000    0.000 social.py:3(<module>)
        8    0.000    0.000    0.000    0.000 __future__.py:77(__init__)
        1    0.000    0.000    0.000    0.000 block.py:7(<module>)
        1    0.000    0.000    0.000    0.000 info.py:147(<module>)
        1    0.000    0.000    0.000    0.000 graphmatrix.py:3(<module>)
        1    0.000    0.000    0.000    0.000 threading.py:1194(__init__)
        1    0.000    0.000    0.000    0.000 maxflow.py:4(<module>)
        1    0.000    0.000    0.000    0.000 _collections_abc.py:419(get)
        1    0.000    0.000    0.000    0.000 degree_seq.py:683(DegreeSequenceRandomGraph)
        1    0.000    0.000    0.000    0.000 info.py:176(<module>)
        1    0.000    0.000    0.000    0.000 weakly_connected.py:4(<module>)
        1    0.000    0.000    0.000    0.000 subprocess.py:1375(<listcomp>)
        2    0.000    0.000    0.000    0.000 numeric.py:2416(geterr)
        1    0.000    0.000    0.000    0.000 hybrid.py:4(<module>)
        1    0.000    0.000    0.000    0.000 connected.py:4(<module>)
        2    0.000    0.000    0.000    0.000 getlimits.py:269(max)
        5    0.000    0.000    0.000    0.000 inspect.py:2067(__new__)
        1    0.000    0.000    0.000    0.000 info.py:34(<module>)
        1    0.000    0.000    0.000    0.000 warnings.py:352(__exit__)
        1    0.000    0.000    0.000    0.000 selectors.py:281(SelectSelector)
        1    0.000    0.000    0.000    0.000 union_find.py:3(<module>)
        1    0.000    0.000    0.000    0.000 isomorphvf2.py:146(GraphMatcher)
        1    0.000    0.000    0.000    0.000 core.py:5767(__new__)
        1    0.000    0.000    0.000    0.000 info.py:84(<module>)
        1    0.000    0.000    0.000    0.000 main.py:48(TestProgram)
        1    0.000    0.000    0.000    0.000 __init__.py:1550(LoggerAdapter)
        1    0.000    0.000    0.000    0.000 stochastic.py:1(<module>)
        1    0.000    0.000    0.000    0.000 _decorator3.py:72(FunctionMaker)
       24    0.000    0.000    0.000    0.000 {method 'remove' of 'set' objects}
        5    0.000    0.000    0.000    0.000 datetime.py:263(_check_time_fields)
        1    0.000    0.000    0.000    0.000 gexf.py:549(GEXFReader)
        6    0.000    0.000    0.000    0.000 opcode.py:53(jabs_op)
        1    0.000    0.000    0.000    0.000 gexf.py:236(GEXFWriter)
        1    0.000    0.000    0.000    0.000 graph.py:11(Graph)
        1    0.000    0.000    0.000    0.000 hierarchy.py:4(<module>)
        6    0.000    0.000    0.000    0.000 opcode.py:49(jrel_op)
        1    0.000    0.000    0.000    0.000 {method 'union' of 'set' objects}
       14    0.000    0.000    0.000    0.000 <frozen importlib._bootstrap>:1311(is_package)
        2    0.000    0.000    0.000    0.000 subprocess.py:914(_get_devnull)
        1    0.000    0.000    0.000    0.000 {built-in method sum}
        1    0.000    0.000    0.000    0.000 graph.py:175(__init__)
        1    0.000    0.000    0.000    0.000 euler.py:4(<module>)
        2    0.000    0.000    0.000    0.000 numeric.py:1617(set_string_function)
        1    0.000    0.000    0.000    0.000 vitality.py:3(<module>)
        1    0.000    0.000    0.000    0.000 context.py:39(cpu_count)
        1    0.000    0.000    0.000    0.000 ElementTree.py:543(ElementTree)
        1    0.000    0.000    0.000    0.000 loader.py:51(TestLoader)
        1    0.000    0.000    0.000    0.000 npyio.py:133(NpzFile)
        1    0.000    0.000    0.000    0.000 simple_paths.py:6(<module>)
        1    0.000    0.000    0.000    0.000 case.py:1306(FunctionTestCase)
        1    0.000    0.000    0.000    0.000 __init__.py:1219(Logger)
        1    0.000    0.000    0.000    0.000 _datasource.py:150(DataSource)
        1    0.000    0.000    0.000    0.000 isolate.py:4(<module>)
        1    0.000    0.000    0.000    0.000 distance_regular.py:5(<module>)
        1    0.000    0.000    0.000    0.000 numbers.py:267(Rational)
        1    0.000    0.000    0.000    0.000 argparse.py:1230(_ActionsContainer)
        1    0.000    0.000    0.000    0.000 __init__.py:211(_acquireLock)
        1    0.000    0.000    0.000    0.000 selectors.py:70(BaseSelector)
        1    0.000    0.000    0.000    0.000 posixpath.py:115(splitext)
        1    0.000    0.000    0.000    0.000 inspect.py:2298(Signature)
        1    0.000    0.000    0.000    0.000 core.py:5928(__init__)
        1    0.000    0.000    0.000    0.000 richclub.py:2(<module>)
        1    0.000    0.000    0.000    0.000 centrality.py:7(<module>)
        1    0.000    0.000    0.000    0.000 ego.py:3(<module>)
        1    0.000    0.000    0.000    0.000 tarfile.py:326(_Stream)
        2    0.000    0.000    0.000    0.000 {built-in method set_string_function}
        2    0.000    0.000    0.000    0.000 genericpath.py:39(isdir)
        6    0.000    0.000    0.000    0.000 core.py:769(__init__)
        1    0.000    0.000    0.000    0.000 threading.py:507(set)
        1    0.000    0.000    0.000    0.000 line.py:4(<module>)
        1    0.000    0.000    0.000    0.000 __config__.py:3(<module>)
        1    0.000    0.000    0.000    0.000 nx_shp.py:13(<module>)
        2    0.000    0.000    0.000    0.000 posixpath.py:60(isabs)
        1    0.000    0.000    0.000    0.000 warnings.py:314(__init__)
        1    0.000    0.000    0.000    0.000 unary.py:1(<module>)
        1    0.000    0.000    0.000    0.000 genericpath.py:111(_splitext)
        2    0.000    0.000    0.000    0.000 __init__.py:345(_FuncPtr)
        1    0.000    0.000    0.000    0.000 threading.py:897(_set_tstate_lock)
        1    0.000    0.000    0.000    0.000 threading.py:570(Barrier)
        1    0.000    0.000    0.000    0.000 core.py:12(<module>)
        1    0.000    0.000    0.000    0.000 threading.py:444(BoundedSemaphore)
        1    0.000    0.000    0.000    0.000 subprocess.py:1511(_try_wait)
       10    0.000    0.000    0.000    0.000 gexf.py:212(<genexpr>)
        1    0.000    0.000    0.000    0.000 case.py:43(_Outcome)
        1    0.000    0.000    0.000    0.000 suite.py:16(BaseTestSuite)
        1    0.000    0.000    0.000    0.000 threading.py:493(__init__)
       59    0.000    0.000    0.000    0.000 _compat_pickle.py:137(<genexpr>)
        1    0.000    0.000    0.000    0.000 numeric.py:2716(_setdef)
        1    0.000    0.000    0.000    0.000 threading.py:329(notify)
        1    0.000    0.000    0.000    0.000 __init__.py:416(Formatter)
        1    0.000    0.000    0.000    0.000 __init__.py:1111(Manager)
        3    0.000    0.000    0.000    0.000 core.py:737(__init__)
        1    0.000    0.000    0.000    0.000 machar.py:17(MachAr)
        4    0.000    0.000    0.000    0.000 {method 'count' of 'list' objects}
        1    0.000    0.000    0.000    0.000 numeric.py:2705(__enter__)
        1    0.000    0.000    0.000    0.000 flow_matrix.py:33(InverseLaplacian)
        1    0.000    0.000    0.000    0.000 copyreg.py:12(pickle)
        1    0.000    0.000    0.000    0.000 ga.py:15(GA)
        3    0.000    0.000    0.000    0.000 datetime.py:40(_days_before_year)
        1    0.000    0.000    0.000    0.000 _datasource.py:499(Repository)
        1    0.000    0.000    0.000    0.000 ctypeslib.py:158(_ndptr)
        1    0.000    0.000    0.000    0.000 {built-in method sqrt}
        1    0.000    0.000    0.000    0.000 ElementTree.py:491(QName)
        1    0.000    0.000    0.000    0.000 core.py:7187(_convert2ma)
        1    0.000    0.000    0.000    0.000 records.py:85(format_parser)
        1    0.000    0.000    0.000    0.000 functools.py:384(lru_cache)
        1    0.000    0.000    0.000    0.000 case.py:165(_AssertRaisesContext)
        6    0.000    0.000    0.000    0.000 {built-in method geterrobj}
        1    0.000    0.000    0.000    0.000 tempfile.py:793(TemporaryDirectory)
        1    0.000    0.000    0.000    0.000 threading.py:198(Condition)
        1    0.000    0.000    0.000    0.000 suite.py:270(_ErrorHolder)
        1    0.000    0.000    0.000    0.000 core.py:2250(_MaskedPrintOption)
        1    0.000    0.000    0.000    0.000 os.py:704(encode)
        1    0.000    0.000    0.000    0.000 __init__.py:460(__init__)
        1    0.000    0.000    0.000    0.000 difflib.py:1652(HtmlDiff)
        1    0.000    0.000    0.000    0.000 boundary.py:10(<module>)
        2    0.000    0.000    0.000    0.000 threading.py:75(RLock)
        1    0.000    0.000    0.000    0.000 difflib.py:43(SequenceMatcher)
        1    0.000    0.000    0.000    0.000 graphml.py:383(GraphMLReader)
        1    0.000    0.000    0.000    0.000 {method 'acquire' of '_thread.RLock' objects}
        1    0.000    0.000    0.000    0.000 __init__.py:1116(__init__)
        1    0.000    0.000    0.000    0.000 threading.py:88(_RLock)
        1    0.000    0.000    0.000    0.000 core.py:2469(MaskedIterator)
        1    0.000    0.000    0.000    0.000 version.py:6(<module>)
        3    0.000    0.000    0.000    0.000 __init__.py:480(CFunctionType)
        1    0.000    0.000    0.000    0.000 random.py:84(__init__)
        1    0.000    0.000    0.000    0.000 graphml.py:229(GraphMLWriter)
        1    0.000    0.000    0.000    0.000 tempfile.py:224(_RandomNameSequence)
        1    0.000    0.000    0.000    0.000 selectors.py:385(EpollSelector)
        1    0.000    0.000    0.000    0.000 graph.py:587(number_of_nodes)
        1    0.000    0.000    0.000    0.000 pprint.py:101(PrettyPrinter)
        1    0.000    0.000    0.000    0.000 __init__.py:220(_releaseLock)
        2    0.000    0.000    0.000    0.000 utils.py:87(_set_function_name)
        1    0.000    0.000    0.000    0.000 {built-in method openssl_md5}
        1    0.000    0.000    0.000    0.000 arrayterator.py:21(Arrayterator)
        1    0.000    0.000    0.000    0.000 index_tricks.py:456(__init__)
        1    0.000    0.000    0.000    0.000 argparse.py:1055(_SubParsersAction)
        1    0.000    0.000    0.000    0.000 numeric.py:2710(__exit__)
        1    0.000    0.000    0.000    0.000 tarfile.py:606(_FileInFile)
        1    0.000    0.000    0.000    0.000 isomorphvf2.py:477(DiGraphMatcher)
        1    0.000    0.000    0.000    0.000 __future__.py:76(_Feature)
        2    0.000    0.000    0.000    0.000 __init__.py:673(__init__)
        1    0.000    0.000    0.000    0.000 __init__.py:154(py_object)
        1    0.000    0.000    0.000    0.000 utils.py:961(SafeEval)
        1    0.000    0.000    0.000    0.000 nosetester.py:88(NoseTester)
        1    0.000    0.000    0.000    0.000 context.py:214(DefaultContext)
        1    0.000    0.000    0.000    0.000 {built-in method time}
        1    0.000    0.000    0.000    0.000 inspect.py:2211(BoundArguments)
        1    0.000    0.000    0.000    0.000 ElementTree.py:1213(XMLPullParser)
        1    0.000    0.000    0.000    0.000 tempfile.py:473(_TemporaryFileCloser)
        2    0.000    0.000    0.000    0.000 posixpath.py:70(join)
        1    0.000    0.000    0.000    0.000 core.py:5871(_extrema_operation)
        7    0.000    0.000    0.000    0.000 {method 'pop' of 'dict' objects}
        1    0.000    0.000    0.000    0.000 core.py:883(_MaskedBinaryOperation)
        1    0.000    0.000    0.000    0.000 posixpath.py:49(normcase)
        1    0.000    0.000    0.000    0.000 extras.py:224(_fromnxfunction)
        1    0.000    0.000    0.000    0.000 core.py:5940(__init__)
        1    0.000    0.000    0.000    0.000 function_base.py:1405(vectorize)
        1    0.000    0.000    0.000    0.000 core.py:2399(_arraymethod)
        1    0.000    0.000    0.000    0.000 {method 'get' of 'mappingproxy' objects}
        1    0.000    0.000    0.000    0.000 __init__.py:1234(__init__)
        1    0.000    0.000    0.000    0.000 __init__.py:231(LogRecord)
        2    0.000    0.000    0.000    0.000 __init__.py:182(_checkLevel)
        1    0.000    0.000    0.000    0.000 numeric.py:2701(__init__)
        1    0.000    0.000    0.000    0.000 ElementTree.py:1446(XMLParser)
        1    0.000    0.000    0.000    0.000 _import_tools.py:8(PackageLoader)
        1    0.000    0.000    0.000    0.000 smetric.py:1(<module>)
        2    0.000    0.000    0.000    0.000 utils.py:103(__init__)
        1    0.000    0.000    0.000    0.000 defmatrix.py:14(_NumCharTable)
        1    0.000    0.000    0.000    0.000 core.py:1032(_DomainedBinaryOperation)
        1    0.000    0.000    0.000    0.000 polyutils.py:48(RankWarning)
        1    0.000    0.000    0.000    0.000 context.py:217(__init__)
        1    0.000    0.000    0.000    0.000 argparse.py:1029(_VersionAction)
        1    0.000    0.000    0.000    0.000 chordal_alg.py:25(NetworkXTreewidthBoundExceeded)
        3    0.000    0.000    0.000    0.000 __init__.py:479(PYFUNCTYPE)
        1    0.000    0.000    0.000    0.000 polyutils.py:69(PolyBase)
        1    0.000    0.000    0.000    0.000 __init__.py:1542(__init__)
        1    0.000    0.000    0.000    0.000 __init__.py:788(createLock)
        1    0.000    0.000    0.000    0.000 records.py:216(record)
       16    0.000    0.000    0.000    0.000 _collections_abc.py:135(__subclasshook__)
        1    0.000    0.000    0.000    0.000 {method 'rstrip' of 'bytes' objects}
        1    0.000    0.000    0.000    0.000 selectors.py:196(_BaseSelectorImpl)
        1    0.000    0.000    0.000    0.000 process.py:282(AuthenticationString)
        1    0.000    0.000    0.000    0.000 tarfile.py:268(ExtractError)
        1    0.000    0.000    0.000    0.000 index_tricks.py:510(ndindex)
        1    0.000    0.000    0.000    0.000 decimal.py:186(DecimalException)
        2    0.000    0.000    0.000    0.000 __init__.py:415(__init__)
        1    0.000    0.000    0.000    0.000 random.py:639(SystemRandom)
        1    0.000    0.000    0.000    0.000 __init__.py:17(<module>)
        1    0.000    0.000    0.000    0.000 arrayprint.py:658(LongFloatFormat)
        1    0.000    0.000    0.000    0.000 pickle.py:183(_Framer)
        1    0.000    0.000    0.000    0.000 argparse.py:118(_AttributeHolder)
        1    0.000    0.000    0.000    0.000 __init__.py:392(StringTemplateStyle)
        1    0.000    0.000    0.000    0.000 utils.py:1400(WarningManager)
        1    0.000    0.000    0.000    0.000 __init__.py:589(BufferingFormatter)
        1    0.000    0.000    0.000    0.000 memmap.py:23(memmap)
        1    0.000    0.000    0.000    0.000 pprint.py:71(_safe_key)
        1    0.000    0.000    0.000    0.000 core.py:729(_DomainCheckInterval)
        1    0.000    0.000    0.000    0.000 core.py:128(MAError)
        1    0.000    0.000    0.000    0.000 argparse.py:926(_AppendAction)
        1    0.000    0.000    0.000    0.000 {built-in method sorted}
        1    0.000    0.000    0.000    0.000 argparse.py:989(_CountAction)
        1    0.000    0.000    0.000    0.000 isomorphvf2.py:862(DiGMState)
        5    0.000    0.000    0.000    0.000 datetime.py:275(_check_tzinfo_arg)
        1    0.000    0.000    0.000    0.000 core.py:155(<listcomp>)
        1    0.000    0.000    0.000    0.000 threading.py:724(BrokenBarrierError)
        1    0.000    0.000    0.000    0.000 case.py:272(_AssertLogsContext)
        1    0.000    0.000    0.000    0.000 decimal.py:260(DivisionByZero)
        1    0.000    0.000    0.000    0.000 {built-in method WEXITSTATUS}
        1    0.000    0.000    0.000    0.000 context.py:16(BufferTooShort)
        1    0.000    0.000    0.000    0.000 core.py:767(_DomainSafeDivide)
        1    0.000    0.000    0.000    0.000 string.py:51(_TemplateMetaclass)
        1    0.000    0.000    0.000    0.000 _iotools.py:438(ConverterError)
        1    0.000    0.000    0.000    0.000 numeric.py:2635(_unspecified)
        1    0.000    0.000    0.000    0.000 argparse.py:681(MetavarTypeHelpFormatter)
        1    0.000    0.000    0.000    0.000 exception.py:22(NetworkXException)
        2    0.000    0.000    0.000    0.000 core.py:796(__init__)
        1    0.000    0.000    0.000    0.000 core.py:153(<listcomp>)
        1    0.000    0.000    0.000    0.000 _endian.py:23(_swapped_meta)
        1    0.000    0.000    0.000    0.000 __init__.py:1043(_StderrHandler)
        1    0.000    0.000    0.000    0.000 __init__.py:318(CDLL)
        1    0.000    0.000    0.000    0.000 vf2userfunc.py:125(DiGraphMatcher)
        1    0.000    0.000    0.000    0.000 core.py:782(_DomainGreater)
        1    0.000    0.000    0.000    0.000 shutil.py:59(RegistryError)
        1    0.000    0.000    0.000    0.000 argparse.py:834(_StoreAction)
        1    0.000    0.000    0.000    0.000 string.py:80(__init__)
        1    0.000    0.000    0.000    0.000 difflib.py:751(Differ)
        1    0.000    0.000    0.000    0.000 utils.py:1368(WarningMessage)
        1    0.000    0.000    0.000    0.000 context.py:269(SpawnProcess)
        1    0.000    0.000    0.000    0.000 selectors.py:50(_SelectorMapping)
        3    0.000    0.000    0.000    0.000 __init__.py:99(CFunctionType)
        1    0.000    0.000    0.000    0.000 getlimits.py:24(finfo)
        3    0.000    0.000    0.000    0.000 _inspect.py:161(<lambda>)
        1    0.000    0.000    0.000    0.000 selectors.py:334(PollSelector)
        1    0.000    0.000    0.000    0.000 argparse.py:1537(_ArgumentGroup)
        1    0.000    0.000    0.000    0.000 runner.py:13(_WritelnDecorator)
        1    0.000    0.000    0.000    0.000 tarfile.py:292(InvalidHeaderError)
        1    0.000    0.000    0.000    0.000 {method 'rfind' of 'bytes' objects}
        1    0.000    0.000    0.000    0.000 case.py:253(_CapturingHandler)
        1    0.000    0.000    0.000    0.000 case.py:32(_ShouldStop)
        1    0.000    0.000    0.000    0.000 argparse.py:1057(_ChoicesPseudoAction)
        1    0.000    0.000    0.000    0.000 {built-in method WIFSIGNALED}
        1    0.000    0.000    0.000    0.000 __init__.py:740(_addHandlerRef)
        1    0.000    0.000    0.000    0.000 tempfile.py:514(_TemporaryFileWrapper)
        1    0.000    0.000    0.000    0.000 case.py:1364(_SubTest)
        1    0.000    0.000    0.000    0.000 argparse.py:869(_StoreConstAction)
        1    0.000    0.000    0.000    0.000 {method 'lstrip' of 'str' objects}
        1    0.000    0.000    0.000    0.000 records.py:286(recarray)
        1    0.000    0.000    0.000    0.000 exception.py:25(NetworkXError)
        1    0.000    0.000    0.000    0.000 index_tricks.py:461(ndenumerate)
        1    0.000    0.000    0.000    0.000 decimal.py:324(Rounded)
        1    0.000    0.000    0.000    0.000 decimal.py:298(Inexact)
        1    0.000    0.000    0.000    0.000 suite.py:317(_DebugResult)
        3    0.000    0.000    0.000    0.000 core.py:784(__init__)
        1    0.000    0.000    0.000    0.000 index_tricks.py:434(__init__)
        1    0.000    0.000    0.000    0.000 __init__.py:668(Filterer)
        8    0.000    0.000    0.000    0.000 {method '__subclasshook__' of 'object' objects}
        1    0.000    0.000    0.000    0.000 pickle.py:219(_Unframer)
        1    0.000    0.000    0.000    0.000 __init__.py:935(StreamHandler)
        1    0.000    0.000    0.000    0.000 inspect.py:2058(_void)
        1    0.000    0.000    0.000    0.000 tokenize.py:96(TokenInfo)
        1    0.000    0.000    0.000    0.000 __init__.py:1067(PlaceHolder)
        1    0.000    0.000    0.000    0.000 extras.py:1501(__init__)
        1    0.000    0.000    0.000    0.000 ElementTree.py:1129(_ListDataStream)
        1    0.000    0.000    0.000    0.000 argparse.py:1151(FileType)
        1    0.000    0.000    0.000    0.000 case.py:37(_UnexpectedSuccess)
        1    0.000    0.000    0.000    0.000 dis.py:401(Bytecode)
        1    0.000    0.000    0.000    0.000 index_tricks.py:340(RClass)
        1    0.000    0.000    0.000    0.000 threading.py:364(Semaphore)
        1    0.000    0.000    0.000    0.000 numbers.py:12(Number)
        3    0.000    0.000    0.000    0.000 {method 'acquire' of '_thread.lock' objects}
        1    0.000    0.000    0.000    0.000 subprocess.py:904(__del__)
        1    0.000    0.000    0.000    0.000 version.py:3(<module>)
        1    0.000    0.000    0.000    0.000 context.py:276(ForkServerProcess)
        1    0.000    0.000    0.000    0.000 core.py:131(MaskError)
        1    0.000    0.000    0.000    0.000 string.py:162(Formatter)
        2    0.000    0.000    0.000    0.000 {method 'values' of 'dict' objects}
        1    0.000    0.000    0.000    0.000 argparse.py:664(ArgumentDefaultsHelpFormatter)
        1    0.000    0.000    0.000    0.000 argparse.py:1205(Namespace)
        1    0.000    0.000    0.000    0.000 __init__.py:200(c_longdouble)
        1    0.000    0.000    0.000    0.000 decimal.py:5600(_WorkRep)
        1    0.000    0.000    0.000    0.000 vf2userfunc.py:78(GraphMatcher)
        1    0.000    0.000    0.000    0.000 ElementPath.py:240(_SelectorContext)
        1    0.000    0.000    0.000    0.000 tarfile.py:2372(TarIter)
        1    0.000    0.000    0.000    0.000 argparse.py:743(Action)
        1    0.000    0.000    0.000    0.000 ast.py:221(NodeVisitor)
        1    0.000    0.000    0.000    0.000 tarfile.py:576(_StreamProxy)
        1    0.000    0.000    0.000    0.000 core.py:794(_DomainGreaterEqual)
        1    0.000    0.000    0.000    0.000 __init__.py:631(Filter)
        1    0.000    0.000    0.000    0.000 core.py:2255(__init__)
        1    0.000    0.000    0.000    0.000 context.py:291(ForkServerContext)
        9    0.000    0.000    0.000    0.000 case.py:1285(_deprecate)
        1    0.000    0.000    0.000    0.000 index_tricks.py:213(AxisConcatenator)
        1    0.000    0.000    0.000    0.000 tokenize.py:223(Untokenizer)
        1    0.000    0.000    0.000    0.000 graph.py:257(__contains__)
        1    0.000    0.000    0.000    0.000 core.py:5982(_frommethod)
        1    0.000    0.000    0.000    0.000 argparse.py:714(ArgumentError)
        1    0.000    0.000    0.000    0.000 {built-in method openssl_sha384}
        1    0.000    0.000    0.000    0.000 case.py:24(SkipTest)
        1    0.000    0.000    0.000    0.000 argparse.py:1571(_MutuallyExclusiveGroup)
        1    0.000    0.000    0.000    0.000 union_find.py:12(UnionFind)
        1    0.000    0.000    0.000    0.000 flow_matrix.py:93(SuperLUInverseLaplacian)
        1    0.000    0.000    0.000    0.000 decimal.py:276(DivisionImpossible)
        4    0.000    0.000    0.000    0.000 core.py:2441(__get__)
        1    0.000    0.000    0.000    0.000 inspect.py:2066(_ParameterKind)
        1    0.000    0.000    0.000    0.000 extras.py:1485(mr_class)
        6    0.000    0.000    0.000    0.000 {built-in method _filters_mutated}
        1    0.000    0.000    0.000    0.000 _datasource.py:49(_FileOpeners)
        1    0.000    0.000    0.000    0.000 tarfile.py:280(HeaderError)
        3    0.000    0.000    0.000    0.000 datetime.py:1832(_create)
        1    0.000    0.000    0.000    0.000 tokenize.py:110(any)
        1    0.000    0.000    0.000    0.000 numeric.py:2639(errstate)
        1    0.000    0.000    0.000    0.000 _import_tools.py:336(PackageLoaderDebug)
        1    0.000    0.000    0.000    0.000 __init__.py:112(ModuleDeprecationWarning)
        1    0.000    0.000    0.000    0.000 argparse.py:892(_StoreTrueAction)
        1    0.000    0.000    0.000    0.000 subprocess.py:472(_cleanup)
        1    0.000    0.000    0.000    0.000 ast.py:258(NodeTransformer)
        1    0.000    0.000    0.000    0.000 weakref.py:255(update)
        1    0.000    0.000    0.000    0.000 flow_matrix.py:110(CGInverseLaplacian)
        1    0.000    0.000    0.000    0.000 runner.py:120(TextTestRunner)
        1    0.000    0.000    0.000    0.000 exception.py:41(NetworkXNoPath)
        1    0.000    0.000    0.000    0.000 arrayprint.py:688(LongComplexFormat)
        1    0.000    0.000    0.000    0.000 argparse.py:1010(_HelpAction)
        1    0.000    0.000    0.000    0.000 threading.py:352(notify_all)
        1    0.000    0.000    0.000    0.000 _datasource.py:72(__init__)
        1    0.000    0.000    0.000    0.000 datetime.py:909(tzinfo)
        1    0.000    0.000    0.000    0.000 threading.py:894(_set_ident)
        1    0.000    0.000    0.000    0.000 subprocess.py:380(TimeoutExpired)
        1    0.000    0.000    0.000    0.000 tarfile.py:302(_LowLevelFile)
        2    0.000    0.000    0.000    0.000 {built-in method log}
        1    0.000    0.000    0.000    0.000 core.py:751(_DomainTan)
        1    0.000    0.000    0.000    0.000 threading.py:1162(Timer)
        1    0.000    0.000    0.000    0.000 __init__.py:414(LibraryLoader)
        1    0.000    0.000    0.000    0.000 decimal.py:5838(_Log10Memoize)
        1    0.000    0.000    0.000    0.000 subprocess.py:1476(_internal_poll)
        1    0.000    0.000    0.000    0.000 {built-in method set_typeDict}
        1    0.000    0.000    0.000    0.000 ElementTree.py:1371(TreeBuilder)
        1    0.000    0.000    0.000    0.000 {method 'disable' of '_lsprof.Profiler' objects}
        1    0.000    0.000    0.000    0.000 decimal.py:3860(_ContextManager)
        1    0.000    0.000    0.000    0.000 __init__.py:1898(NullHandler)
        1    0.000    0.000    0.000    0.000 index_tricks.py:85(nd_grid)
        1    0.000    0.000    0.000    0.000 __init__.py:192(c_float)
        1    0.000    0.000    0.000    0.000 decimal.py:310(InvalidContext)
        1    0.000    0.000    0.000    0.000 case.py:123(_BaseTestCaseContext)
        1    0.000    0.000    0.000    0.000 misc.py:31(is_string_like)
        5    0.000    0.000    0.000    0.000 datetime.py:45(_days_in_month)
        1    0.000    0.000    0.000    0.000 context.py:208(Process)
        1    0.000    0.000    0.000    0.000 string.py:73(Template)
        1    0.000    0.000    0.000    0.000 core.py:805(_MaskedUnaryOperation)
        1    0.000    0.000    0.000    0.000 inspect.py:765(EndOfBlock)
        1    0.000    0.000    0.000    0.000 __init__.py:368(PercentStyle)
        1    0.000    0.000    0.000    0.000 {built-in method openssl_sha256}
        1    0.000    0.000    0.000    0.000 __init__.py:238(c_char_p)
        1    0.000    0.000    0.000    0.000 threading.py:249(_is_owned)
        1    0.000    0.000    0.000    0.000 extras.py:1419(MAxisConcatenator)
        1    0.000    0.000    0.000    0.000 core.py:5770(__array_finalize__)
        1    0.000    0.000    0.000    0.000 threading.py:482(Event)
        1    0.000    0.000    0.000    0.000 decimal.py:347(Overflow)
        1    0.000    0.000    0.000    0.000 context.py:262(ForkProcess)
        1    0.000    0.000    0.000    0.000 <string>:1(_require)
        1    0.000    0.000    0.000    0.000 {method 'decode' of 'bytes' objects}
        1    0.000    0.000    0.000    0.000 {built-in method openssl_sha1}
        1    0.000    0.000    0.000    0.000 suite.py:92(TestSuite)
        1    0.000    0.000    0.000    0.000 stride_tricks.py:14(DummyArray)
        1    0.000    0.000    0.000    0.000 __init__.py:986(FileHandler)
        1    0.000    0.000    0.000    0.000 decimal.py:250(ConversionSyntax)
        1    0.000    0.000    0.000    0.000 argparse.py:203(_Section)
        1    0.000    0.000    0.000    0.000 __init__.py:233(c_char)
        1    0.000    0.000    0.000    0.000 subprocess.py:891(__enter__)
       17    0.000    0.000    0.000    0.000 {method 'keys' of 'dict' objects}
        1    0.000    0.000    0.000    0.000 index_tricks.py:584(IndexExpression)
        2    0.000    0.000    0.000    0.000 {built-in method getpid}
        1    0.000    0.000    0.000    0.000 core.py:5938(_maximum_operation)
        1    0.000    0.000    0.000    0.000 __init__.py:250(c_void_p)
        1    0.000    0.000    0.000    0.000 numeric.py:49(ComplexWarning)
        1    0.000    0.000    0.000    0.000 arrayprint.py:699(ComplexFormat)
        1    0.000    0.000    0.000    0.000 decorators.py:125(<lambda>)
        1    0.000    0.000    0.000    0.000 _iotools.py:452(ConversionWarning)
        1    0.000    0.000    0.000    0.000 context.py:22(AuthenticationError)
        1    0.000    0.000    0.000    0.000 {built-in method register}
        1    0.000    0.000    0.000    0.000 argparse.py:642(RawDescriptionHelpFormatter)
        1    0.000    0.000    0.000    0.000 utils.py:92(_Deprecate)
        1    0.000    0.000    0.000    0.000 flow_matrix.py:79(FullInverseLaplacian)
        1    0.000    0.000    0.000    0.000 shutil.py:53(ExecError)
        1    0.000    0.000    0.000    0.000 {built-in method getfilesystemencoding}
        1    0.000    0.000    0.000    0.000 <string>:1(<module>)
        1    0.000    0.000    0.000    0.000 __init__.py:383(StrFormatStyle)
        1    0.000    0.000    0.000    0.000 tarfile.py:277(StreamError)
        2    0.000    0.000    0.000    0.000 index_tricks.py:145(__init__)
        1    0.000    0.000    0.000    0.000 subprocess.py:366(CalledProcessError)
        1    0.000    0.000    0.000    0.000 __init__.py:167(c_ushort)
        1    0.000    0.000    0.000    0.000 decimal.py:209(Clamped)
        1    0.000    0.000    0.000    0.000 exception.py:37(NetworkXUnfeasible)
        1    0.000    0.000    0.000    0.000 context.py:287(SpawnContext)
        1    0.000    0.000    0.000    0.000 {built-in method WIFEXITED}
        1    0.000    0.000    0.000    0.000 {method 'release' of '_thread.lock' objects}
        1    0.000    0.000    0.000    0.000 process.py:296(_MainProcess)
        1    0.000    0.000    0.000    0.000 index_tricks.py:439(CClass)
        1    0.000    0.000    0.000    0.000 tarfile.py:289(EOFHeaderError)
        1    0.000    0.000    0.000    0.000 __init__.py:374(__init__)
        1    0.000    0.000    0.000    0.000 pickle.py:87(_Stop)
        1    0.000    0.000    0.000    0.000 threading.py:1192(_MainThread)
        1    0.000    0.000    0.000    0.000 shutil.py:49(SpecialFileError)
        1    0.000    0.000    0.000    0.000 decimal.py:5842(__init__)
        1    0.000    0.000    0.000    0.000 __init__.py:171(c_long)
        1    0.000    0.000    0.000    0.000 arrayprint.py:743(TimedeltaFormat)
        1    0.000    0.000    0.000    0.000 __init__.py:1536(RootLogger)
        1    0.000    0.000    0.000    0.000 dis.py:159(Instruction)
        1    0.000    0.000    0.000    0.000 vf2userfunc.py:191(MultiGraphMatcher)
        1    0.000    0.000    0.000    0.000 argparse.py:909(_StoreFalseAction)
        1    0.000    0.000    0.000    0.000 ElementTree.py:1282(_IterParseIterator)
        1    0.000    0.000    0.000    0.000 numerictypes.py:772(_typedict)
        1    0.000    0.000    0.000    0.000 tarfile.py:707(ExFileObject)
        1    0.000    0.000    0.000    0.000 exception.py:34(NetworkXAlgorithmError)
        1    0.000    0.000    0.000    0.000 {built-in method _set_sentinel}
        1    0.000    0.000    0.000    0.000 tarfile.py:271(ReadError)
        1    0.000    0.000    0.000    0.000 _inspect.py:162(<lambda>)
        1    0.000    0.000    0.000    0.000 linalg.py:43(LinAlgError)
        1    0.000    0.000    0.000    0.000 isomorphvf2.py:779(GMState)
        1    0.000    0.000    0.000    0.000 context.py:283(ForkContext)
        1    0.000    0.000    0.000    0.000 sre_parse.py:233(tell)
        1    0.000    0.000    0.000    0.000 {built-in method openssl_sha224}
        1    0.000    0.000    0.000    0.000 __init__.py:221(c_ubyte)
        1    0.000    0.000    0.000    0.000 utils.py:1588(IgnoreException)
        1    0.000    0.000    0.000    0.000 {method 'release' of '_thread.RLock' objects}
        1    0.000    0.000    0.000    0.000 polynomial.py:21(RankWarning)
        1    0.000    0.000    0.000    0.000 decimal.py:221(InvalidOperation)
        1    0.000    0.000    0.000    0.000 decimal.py:385(Underflow)
        1    0.000    0.000    0.000    0.000 inspect.py:2062(_empty)
        1    0.000    0.000    0.000    0.000 tarfile.py:283(EmptyHeaderError)
        1    0.000    0.000    0.000    0.000 __init__.py:255(c_bool)
        1    0.000    0.000    0.000    0.000 __init__.py:184(c_int)
        1    0.000    0.000    0.000    0.000 case.py:199(_AssertWarnsContext)
        1    0.000    0.000    0.000    0.000 argparse.py:963(_AppendConstAction)
        1    0.000    0.000    0.000    0.000 shutil.py:43(Error)
        1    0.000    0.000    0.000    0.000 __init__.py:374(PyDLL)
        1    0.000    0.000    0.000    0.000 tarfile.py:295(SubsequentHeaderError)
        1    0.000    0.000    0.000    0.000 signals.py:9(_InterruptHandler)
        1    0.000    0.000    0.000    0.000 npyio.py:90(BagObj)
        1    0.000    0.000    0.000    0.000 __init__.py:263(c_wchar)
        1    0.000    0.000    0.000    0.000 copyreg.py:22(constructor)
        1    0.000    0.000    0.000    0.000 <string>:1(_not_implemented_for)
        1    0.000    0.000    0.000    0.000 __init__.py:188(c_uint)
        1    0.000    0.000    0.000    0.000 _iotools.py:445(ConverterLockError)
        1    0.000    0.000    0.000    0.000 decimal.py:336(Subnormal)
        1    0.000    0.000    0.000    0.000 core.py:757(__init__)
        2    0.000    0.000    0.000    0.000 index_tricks.py:627(__init__)
        1    0.000    0.000    0.000    0.000 vf2userfunc.py:195(MultiDiGraphMatcher)
        1    0.000    0.000    0.000    0.000 polyutils.py:56(PolyDomainError)
        1    0.000    0.000    0.000    0.000 tarfile.py:265(TarError)
        2    0.000    0.000    0.000    0.000 tokenize.py:111(maybe)
        1    0.000    0.000    0.000    0.000 __init__.py:260(c_wchar_p)
        1    0.000    0.000    0.000    0.000 decimal.py:287(DivisionUndefined)
        1    0.000    0.000    0.000    0.000 context.py:19(TimeoutError)
        1    0.000    0.000    0.000    0.000 context.py:13(ProcessError)
        1    0.000    0.000    0.000    0.000 argparse.py:734(ArgumentTypeError)
        1    0.000    0.000    0.000    0.000 decimal.py:400(FloatOperation)
        1    0.000    0.000    0.000    0.000 sre_parse.py:235(seek)
        1    0.000    0.000    0.000    0.000 exception.py:45(NetworkXUnbounded)
        1    0.000    0.000    0.000    0.000 _endian.py:46(BigEndianStructure)
        1    0.000    0.000    0.000    0.000 pickle.py:74(UnpicklingError)
        1    0.000    0.000    0.000    0.000 inspect.py:767(BlockFinder)
        1    0.000    0.000    0.000    0.000 __init__.py:228(c_byte)
        1    0.000    0.000    0.000    0.000 shutil.py:46(SameFileError)
        1    0.000    0.000    0.000    0.000 exception.py:49(NetworkXNotImplemented)
        1    0.000    0.000    0.000    0.000 tokenize.py:218(TokenError)
        1    0.000    0.000    0.000    0.000 __init__.py:196(c_double)
        1    0.000    0.000    0.000    0.000 _internal.py:217(_missing_ctypes)
        1    0.000    0.000    0.000    0.000 __init__.py:175(c_ulong)
        1    0.000    0.000    0.000    0.000 shutil.py:56(ReadError)
        1    0.000    0.000    0.000    0.000 threading.py:1211(_DummyThread)
        1    0.000    0.000    0.000    0.000 tarfile.py:274(CompressionError)
        1    0.000    0.000    0.000    0.000 core.py:5926(_minimum_operation)
        1    0.000    0.000    0.000    0.000 tokenize.py:220(StopTokenizing)
        2    0.000    0.000    0.000    0.000 {method 'clear' of 'dict' objects}
        1    0.000    0.000    0.000    0.000 polyutils.py:52(PolyError)
        1    0.000    0.000    0.000    0.000 __init__.py:163(c_short)
        1    0.000    0.000    0.000    0.000 ElementTree.py:103(ParseError)
        1    0.000    0.000    0.000    0.000 arrayprint.py:715(DatetimeFormat)
        1    0.000    0.000    0.000    0.000 pickle.py:63(PickleError)
        1    0.000    0.000    0.000    0.000 exception.py:28(NetworkXPointlessConcept)
        1    0.000    0.000    0.000    0.000 pickle.py:67(PicklingError)
        1    0.000    0.000    0.000    0.000 {built-in method openssl_sha512}
        1    0.000    0.000    0.000    0.000 __init__.py:1049(__init__)
        1    0.000    0.000    0.000    0.000 arrayprint.py:638(IntegerFormat)
        1    0.000    0.000    0.000    0.000 subprocess.py:363(SubprocessError)
        1    0.000    0.000    0.000    0.000 arrayprint.py:532(FloatFormat)
        1    0.000    0.000    0.000    0.000 argparse.py:653(RawTextHelpFormatter)
        1    0.000    0.000    0.000    0.000 datetime.py:485(__neg__)
        1    0.000    0.000    0.000    0.000 <string>:1(_open_file)
        1    0.000    0.000    0.000    0.000 inspect.py:1060(<lambda>)
        1    0.000    0.000    0.000    0.000 tarfile.py:286(TruncatedHeaderError)
        1    0.000    0.000    0.000    0.000 case.py:133(_AssertRaisesBaseContext)


profiling.data% 
Goodbye.
